2022-05-26 14:50:12.734  INFO WHOFPF174FA4 --- [           main] o.h.j.i.u.LogHelper                      : HHH000204: Processing PersistenceUnitInfo [name: default]
2022-05-26 14:50:12.936  INFO WHOFPF174FA4 --- [           main] o.h.Version                              : HHH000412: Hibernate ORM core version 5.6.8.Final
2022-05-26 14:50:13.272  INFO WHOFPF174FA4 --- [           main] o.h.a.c.Version                          : HCANN000001: Hibernate Commons Annotations {5.1.2.Final}
2022-05-26 14:50:13.451  INFO WHOFPF174FA4 --- [           main] o.h.d.Dialect                            : HHH000400: Using dialect: org.sqlite.hibernate.dialect.SQLiteDialect
2022-05-26 14:50:13.562  INFO WHOFPF174FA4 --- [           main] o.h.d.Dialect                            : HHH000400: Using dialect: org.sqlite.hibernate.dialect.SQLiteDialect
2022-05-26 14:50:14.742  INFO WHOFPF174FA4 --- [           main] o.h.e.t.j.p.i.JtaPlatformInitiator       : HHH000490: Using JtaPlatform implementation: [org.hibernate.engine.transaction.jta.platform.internal.NoJtaPlatform]
2022-05-26 14:50:14.761  INFO WHOFPF174FA4 --- [           main] j.LocalContainerEntityManagerFactoryBean : Initialized JPA EntityManagerFactory for persistence unit 'default'
2022-05-26 14:50:15.507  WARN WHOFPF174FA4 --- [           main] JpaBaseConfiguration$JpaWebConfiguration : spring.jpa.open-in-view is enabled by default. Therefore, database queries may be performed during view rendering. Explicitly configure spring.jpa.open-in-view to disable this warning
2022-05-26 14:50:16.168  INFO WHOFPF174FA4 --- [           main] o.a.c.h.Http11NioProtocol                : Starting ProtocolHandler ["http-nio-8080"]
2022-05-26 14:50:16.224  INFO WHOFPF174FA4 --- [           main] o.s.b.w.e.t.TomcatWebServer              : Tomcat started on port(s): 8080 (http) with context path ''
2022-05-26 14:50:16.252  INFO WHOFPF174FA4 --- [           main] b.l.MyBookmarksApplication               : Started MyBookmarksApplication in 8.154 seconds (JVM running for 14.558)
2022-05-26 14:50:17.296  INFO WHOFPF174FA4 --- [   scheduling-1] b.l.s.LoggerService                      : Total bookmarks: 6
2022-05-26 14:50:18.006  INFO WHOFPF174FA4 --- [   scheduling-1] b.l.s.LoggerService                      : Total bookmarks: 6
2022-05-26 14:50:19.011  INFO WHOFPF174FA4 --- [   scheduling-1] b.l.s.LoggerService                      : Total bookmarks: 6
2022-05-26 14:50:20.015  INFO WHOFPF174FA4 --- [   scheduling-1] b.l.s.LoggerService                      : Total bookmarks: 6
2022-05-26 14:50:21.013  INFO WHOFPF174FA4 --- [   scheduling-1] b.l.s.LoggerService                      : Total bookmarks: 6
2022-06-30 21:49:50.977  INFO WHOFPF174FA4 --- [           main] b.l.MyBookmarksApplication               : Starting MyBookmarksApplication using Java 11.0.15 on WHOFPF174FA4 with PID 7244 (C:\Users\sekirima\workspaces\exper\lumen\build\classes\groovy\main started by SEKIRIMA in C:\Users\sekirima\workspaces\exper\lumen)
2022-06-30 21:49:50.994  INFO WHOFPF174FA4 --- [           main] b.l.MyBookmarksApplication               : No active profile set, falling back to 1 default profile: "default"
2022-06-30 21:49:52.132  INFO WHOFPF174FA4 --- [           main] .s.d.r.c.RepositoryConfigurationDelegate : Bootstrapping Spring Data JPA repositories in DEFAULT mode.
2022-06-30 21:49:52.197  INFO WHOFPF174FA4 --- [           main] .s.d.r.c.RepositoryConfigurationDelegate : Finished Spring Data repository scanning in 52 ms. Found 1 JPA repository interfaces.
2022-06-30 21:49:52.952  INFO WHOFPF174FA4 --- [           main] o.s.b.w.e.t.TomcatWebServer              : Tomcat initialized with port(s): 8080 (http)
2022-06-30 21:49:52.966  INFO WHOFPF174FA4 --- [           main] o.a.c.h.Http11NioProtocol                : Initializing ProtocolHandler ["http-nio-8080"]
2022-06-30 21:49:52.967  INFO WHOFPF174FA4 --- [           main] o.a.c.c.StandardService                  : Starting service [Tomcat]
2022-06-30 21:49:52.967  INFO WHOFPF174FA4 --- [           main] o.a.c.c.StandardEngine                   : Starting Servlet engine: [Apache Tomcat/9.0.62]
2022-06-30 21:49:53.198  INFO WHOFPF174FA4 --- [           main] o.a.c.c.C.[.[.[/]                        : Initializing Spring embedded WebApplicationContext
2022-06-30 21:49:53.198  INFO WHOFPF174FA4 --- [           main] w.s.c.ServletWebServerApplicationContext : Root WebApplicationContext: initialization completed in 2124 ms
2022-06-30 21:49:53.350  INFO WHOFPF174FA4 --- [           main] o.f.c.i.l.VersionPrinter                 : Flyway Community Edition 8.5.10 by Redgate
2022-06-30 21:49:53.350  INFO WHOFPF174FA4 --- [           main] o.f.c.i.l.VersionPrinter                 : See what's new here: https://flywaydb.org/documentation/learnmore/releaseNotes#8.5.10
2022-06-30 21:49:53.351  INFO WHOFPF174FA4 --- [           main] o.f.c.i.l.VersionPrinter                 : 
2022-06-30 21:49:53.358  INFO WHOFPF174FA4 --- [           main] c.z.h.HikariDataSource                   : HikariPool-1 - Starting...
2022-06-30 21:49:53.382  INFO WHOFPF174FA4 --- [           main] c.z.h.HikariDataSource                   : HikariPool-1 - Start completed.
2022-06-30 21:49:53.393  INFO WHOFPF174FA4 --- [           main] o.f.c.i.d.b.BaseDatabaseType             : Database: jdbc:sqlite:lumen.sqlite (SQLite 3.36)
2022-06-30 21:49:53.408  INFO WHOFPF174FA4 --- [           main] o.f.c.i.c.DbValidate                     : Successfully validated 1 migration (execution time 00:00.003s)
2022-06-30 21:49:53.410  INFO WHOFPF174FA4 --- [           main] o.f.c.i.c.DbMigrate                      : Current version of schema "main": 1
2022-06-30 21:49:53.410  INFO WHOFPF174FA4 --- [           main] o.f.c.i.c.DbMigrate                      : Schema "main" is up to date. No migration necessary.
2022-06-30 21:49:53.565  INFO WHOFPF174FA4 --- [           main] o.h.j.i.u.LogHelper                      : HHH000204: Processing PersistenceUnitInfo [name: default]
2022-06-30 21:49:53.641  INFO WHOFPF174FA4 --- [           main] o.h.Version                              : HHH000412: Hibernate ORM core version 5.6.8.Final
2022-06-30 21:49:53.916  INFO WHOFPF174FA4 --- [           main] o.h.a.c.Version                          : HCANN000001: Hibernate Commons Annotations {5.1.2.Final}
2022-06-30 21:49:54.034  INFO WHOFPF174FA4 --- [           main] o.h.d.Dialect                            : HHH000400: Using dialect: org.sqlite.hibernate.dialect.SQLiteDialect
2022-06-30 21:49:54.100  INFO WHOFPF174FA4 --- [           main] o.h.d.Dialect                            : HHH000400: Using dialect: org.sqlite.hibernate.dialect.SQLiteDialect
2022-06-30 21:49:54.944  INFO WHOFPF174FA4 --- [           main] o.h.e.t.j.p.i.JtaPlatformInitiator       : HHH000490: Using JtaPlatform implementation: [org.hibernate.engine.transaction.jta.platform.internal.NoJtaPlatform]
2022-06-30 21:49:54.955  INFO WHOFPF174FA4 --- [           main] j.LocalContainerEntityManagerFactoryBean : Initialized JPA EntityManagerFactory for persistence unit 'default'
2022-06-30 21:49:55.406  WARN WHOFPF174FA4 --- [           main] JpaBaseConfiguration$JpaWebConfiguration : spring.jpa.open-in-view is enabled by default. Therefore, database queries may be performed during view rendering. Explicitly configure spring.jpa.open-in-view to disable this warning
2022-06-30 21:49:55.804  INFO WHOFPF174FA4 --- [           main] o.a.c.h.Http11NioProtocol                : Starting ProtocolHandler ["http-nio-8080"]
2022-06-30 21:49:55.848  INFO WHOFPF174FA4 --- [           main] o.s.b.w.e.t.TomcatWebServer              : Tomcat started on port(s): 8080 (http) with context path ''
2022-06-30 21:49:55.863  INFO WHOFPF174FA4 --- [           main] b.l.MyBookmarksApplication               : Started MyBookmarksApplication in 5.569 seconds (JVM running for 10.919)
2022-06-30 21:49:56.200  INFO WHOFPF174FA4 --- [   scheduling-1] b.l.s.LoggerService                      : Total bookmarks: 6
2022-06-30 21:49:57.014  INFO WHOFPF174FA4 --- [   scheduling-1] b.l.s.LoggerService                      : Total bookmarks: 6
2022-06-30 21:49:58.018  INFO WHOFPF174FA4 --- [   scheduling-1] b.l.s.LoggerService                      : Total bookmarks: 6
2022-06-30 21:49:59.009  INFO WHOFPF174FA4 --- [   scheduling-1] b.l.s.LoggerService                      : Total bookmarks: 6
2022-06-30 21:50:00.005  INFO WHOFPF174FA4 --- [   scheduling-1] b.l.s.LoggerService                      : Total bookmarks: 6
2022-06-30 21:50:01.010  INFO WHOFPF174FA4 --- [   scheduling-1] b.l.s.LoggerService                      : Total bookmarks: 6
2022-06-30 21:50:02.017  INFO WHOFPF174FA4 --- [   scheduling-1] b.l.s.LoggerService                      : Total bookmarks: 6
2022-06-30 21:50:03.006  INFO WHOFPF174FA4 --- [   scheduling-1] b.l.s.LoggerService                      : Total bookmarks: 6
2022-06-30 21:50:04.008  INFO WHOFPF174FA4 --- [   scheduling-1] b.l.s.LoggerService                      : Total bookmarks: 6
2022-06-30 21:50:05.010  INFO WHOFPF174FA4 --- [   scheduling-1] b.l.s.LoggerService                      : Total bookmarks: 6
2022-06-30 21:50:06.010  INFO WHOFPF174FA4 --- [   scheduling-1] b.l.s.LoggerService                      : Total bookmarks: 6
2022-06-30 21:50:07.010  INFO WHOFPF174FA4 --- [   scheduling-1] b.l.s.LoggerService                      : Total bookmarks: 6
2022-06-30 21:50:08.005  INFO WHOFPF174FA4 --- [   scheduling-1] b.l.s.LoggerService                      : Total bookmarks: 6
2022-06-30 21:50:09.009  INFO WHOFPF174FA4 --- [   scheduling-1] b.l.s.LoggerService                      : Total bookmarks: 6
2022-06-30 21:50:10.014  INFO WHOFPF174FA4 --- [   scheduling-1] b.l.s.LoggerService                      : Total bookmarks: 6
2022-06-30 21:50:11.016  INFO WHOFPF174FA4 --- [   scheduling-1] b.l.s.LoggerService                      : Total bookmarks: 6
2022-06-30 21:52:31.132  INFO WHOFPF174FA4 --- [           main] b.l.MyBookmarksApplication               : Starting MyBookmarksApplication using Java 11.0.15 on WHOFPF174FA4 with PID 12968 (C:\Users\sekirima\workspaces\exper\lumen\build\classes\groovy\main started by SEKIRIMA in C:\Users\sekirima\workspaces\exper\lumen)
