2022-08-26 17:50:45.227  INFO WHOFPF174FA4 --- [           main] o.f.c.i.c.DbValidate                     : Successfully validated 1 migration (execution time 00:00.003s)
2022-08-26 17:50:45.243  INFO WHOFPF174FA4 --- [           main] o.f.c.i.c.DbMigrate                      : Current version of schema "main": 1
2022-08-26 17:50:45.244  INFO WHOFPF174FA4 --- [           main] o.f.c.i.c.DbMigrate                      : Schema "main" is up to date. No migration necessary.
2022-08-26 17:50:45.384  INFO WHOFPF174FA4 --- [           main] o.h.j.i.u.LogHelper                      : HHH000204: Processing PersistenceUnitInfo [name: default]
2022-08-26 17:50:45.509  INFO WHOFPF174FA4 --- [           main] o.h.Version                              : HHH000412: Hibernate ORM core version 5.6.8.Final
2022-08-26 17:50:45.867  INFO WHOFPF174FA4 --- [           main] o.h.a.c.Version                          : HCANN000001: Hibernate Commons Annotations {5.1.2.Final}
2022-08-26 17:50:46.047  INFO WHOFPF174FA4 --- [           main] o.h.d.Dialect                            : HHH000400: Using dialect: org.sqlite.hibernate.dialect.SQLiteDialect
2022-08-26 17:50:46.152  INFO WHOFPF174FA4 --- [           main] o.h.d.Dialect                            : HHH000400: Using dialect: org.sqlite.hibernate.dialect.SQLiteDialect
2022-08-26 17:50:48.171  INFO WHOFPF174FA4 --- [           main] o.h.e.t.j.p.i.JtaPlatformInitiator       : HHH000490: Using JtaPlatform implementation: [org.hibernate.engine.transaction.jta.platform.internal.NoJtaPlatform]
2022-08-26 17:50:48.189  INFO WHOFPF174FA4 --- [           main] j.LocalContainerEntityManagerFactoryBean : Initialized JPA EntityManagerFactory for persistence unit 'default'
2022-08-26 17:50:48.308  WARN WHOFPF174FA4 --- [           main] JpaBaseConfiguration$JpaWebConfiguration : spring.jpa.open-in-view is enabled by default. Therefore, database queries may be performed during view rendering. Explicitly configure spring.jpa.open-in-view to disable this warning
2022-08-26 17:50:49.958  INFO WHOFPF174FA4 --- [           main] o.s.s.w.DefaultSecurityFilterChain       : Will secure any request with [org.springframework.security.web.context.request.async.WebAsyncManagerIntegrationFilter@6a08113d, org.springframework.security.web.context.SecurityContextPersistenceFilter@2a728076, org.springframework.security.web.header.HeaderWriterFilter@6418075c, org.springframework.web.filter.CorsFilter@480fb706, org.springframework.security.web.authentication.logout.LogoutFilter@7680beac, org.springframework.security.oauth2.server.resource.web.BearerTokenAuthenticationFilter@36dbfa68, org.springframework.security.web.authentication.www.BasicAuthenticationFilter@57330423, org.springframework.security.web.savedrequest.RequestCacheAwareFilter@67fda9fb, org.springframework.security.web.servletapi.SecurityContextHolderAwareRequestFilter@14927cd4, org.springframework.security.web.authentication.AnonymousAuthenticationFilter@66d766b9, org.springframework.security.web.session.SessionManagementFilter@10efb806, org.springframework.security.web.access.ExceptionTranslationFilter@1b18fa79, org.springframework.security.web.access.intercept.FilterSecurityInterceptor@158b8d10]
2022-08-26 17:50:50.799  INFO WHOFPF174FA4 --- [           main] o.a.c.h.Http11NioProtocol                : Starting ProtocolHandler ["http-nio-8080"]
2022-08-26 17:50:50.864  INFO WHOFPF174FA4 --- [           main] o.s.b.w.e.t.TomcatWebServer              : Tomcat started on port(s): 8080 (http) with context path '/lumen'
2022-08-26 17:50:50.888  INFO WHOFPF174FA4 --- [           main] b.l.MyBookmarksApplication               : Started MyBookmarksApplication in 10.156 seconds (JVM running for 14.403)
2022-08-26 17:51:15.482  INFO WHOFPF174FA4 --- [nio-8080-exec-1] o.a.c.c.C.[.[.[/lumen]                   : Initializing Spring DispatcherServlet 'dispatcherServlet'
2022-08-26 17:51:15.483  INFO WHOFPF174FA4 --- [nio-8080-exec-1] o.s.w.s.DispatcherServlet                : Initializing Servlet 'dispatcherServlet'
2022-08-26 17:51:15.486  INFO WHOFPF174FA4 --- [nio-8080-exec-1] o.s.w.s.DispatcherServlet                : Completed initialization in 3 ms
2022-08-26 17:57:46.910  WARN WHOFPF174FA4 --- [nio-8080-exec-5] .w.s.m.s.DefaultHandlerExceptionResolver : Resolved [org.springframework.web.HttpMediaTypeNotSupportedException: Content type 'text/plain;charset=UTF-8' not supported]
2022-08-26 17:58:38.706  WARN WHOFPF174FA4 --- [nio-8080-exec-7] .w.s.m.s.DefaultHandlerExceptionResolver : Resolved [org.springframework.web.HttpMediaTypeNotSupportedException: Content type 'text/plain;charset=UTF-8' not supported]
2022-08-26 18:02:23.297  WARN WHOFPF174FA4 --- [io-8080-exec-10] .w.s.m.s.DefaultHandlerExceptionResolver : Resolved [org.springframework.web.HttpMediaTypeNotSupportedException: Content type 'text/plain;charset=UTF-8' not supported]
2022-08-26 18:05:37.087  WARN WHOFPF174FA4 --- [nio-8080-exec-3] .w.s.m.s.DefaultHandlerExceptionResolver : Resolved [org.springframework.web.HttpMediaTypeNotSupportedException: Content type 'text/plain;charset=UTF-8' not supported]
2022-08-26 18:07:05.193  WARN WHOFPF174FA4 --- [nio-8080-exec-7] .w.s.m.s.DefaultHandlerExceptionResolver : Resolved [org.springframework.web.HttpMediaTypeNotSupportedException: Content type 'text/plain;charset=UTF-8' not supported]
2022-08-26 18:10:46.740  WARN WHOFPF174FA4 --- [nio-8080-exec-1] .w.s.m.s.DefaultHandlerExceptionResolver : Resolved [org.springframework.web.HttpMediaTypeNotSupportedException: Content type 'text/plain;charset=UTF-8' not supported]
2022-08-26 18:10:52.650  WARN WHOFPF174FA4 --- [nio-8080-exec-3] .w.s.m.s.DefaultHandlerExceptionResolver : Resolved [org.springframework.web.HttpMediaTypeNotSupportedException: Content type 'text/plain;charset=UTF-8' not supported]
2022-08-29 09:03:06.026  WARN WHOFPF174FA4 --- [l-1 housekeeper] c.z.h.p.HikariPool                       : HikariPool-1 - Thread starvation or clock leap detected (housekeeper delta=7h34m5s579ms381µs900ns).
