2022-08-11 16:50:33.475  INFO WHOFPF174FA4 --- [kground-preinit] o.h.v.i.u.Version                        : HV000001: Hibernate Validator 6.2.3.Final
2022-08-11 16:50:33.522  INFO WHOFPF174FA4 --- [           main] b.l.MyBookmarksApplication               : Starting MyBookmarksApplication using Java 11.0.15 on WHOFPF174FA4 with PID 12716 (C:\Users\sekirima\workspaces\exper\lumen\build\classes\groovy\main started by SEKIRIMA in C:\Users\sekirima\workspaces\exper\lumen)
2022-08-11 16:50:33.538  INFO WHOFPF174FA4 --- [           main] b.l.MyBookmarksApplication               : No active profile set, falling back to 1 default profile: "default"
2022-08-11 16:50:34.795  INFO WHOFPF174FA4 --- [           main] .s.d.r.c.RepositoryConfigurationDelegate : Bootstrapping Spring Data JPA repositories in DEFAULT mode.
2022-08-11 16:50:34.895  INFO WHOFPF174FA4 --- [           main] .s.d.r.c.RepositoryConfigurationDelegate : Finished Spring Data repository scanning in 90 ms. Found 1 JPA repository interfaces.
2022-08-11 16:50:35.882  INFO WHOFPF174FA4 --- [           main] o.s.b.w.e.t.TomcatWebServer              : Tomcat initialized with port(s): 8080 (http)
2022-08-11 16:50:35.914  INFO WHOFPF174FA4 --- [           main] o.a.c.h.Http11NioProtocol                : Initializing ProtocolHandler ["http-nio-8080"]
2022-08-11 16:50:35.914  INFO WHOFPF174FA4 --- [           main] o.a.c.c.StandardService                  : Starting service [Tomcat]
2022-08-11 16:50:35.914  INFO WHOFPF174FA4 --- [           main] o.a.c.c.StandardEngine                   : Starting Servlet engine: [Apache Tomcat/9.0.62]
2022-08-11 16:50:36.161  INFO WHOFPF174FA4 --- [           main] o.a.c.c.C.[.[.[/lumen]                   : Initializing Spring embedded WebApplicationContext
2022-08-11 16:50:36.161  INFO WHOFPF174FA4 --- [           main] w.s.c.ServletWebServerApplicationContext : Root WebApplicationContext: initialization completed in 2538 ms
2022-08-11 16:50:36.331  WARN WHOFPF174FA4 --- [           main] JpaBaseConfiguration$JpaWebConfiguration : spring.jpa.open-in-view is enabled by default. Therefore, database queries may be performed during view rendering. Explicitly configure spring.jpa.open-in-view to disable this warning
2022-08-11 16:50:36.431  INFO WHOFPF174FA4 --- [           main] o.f.c.i.l.VersionPrinter                 : Flyway Community Edition 8.5.10 by Redgate
2022-08-11 16:50:36.431  INFO WHOFPF174FA4 --- [           main] o.f.c.i.l.VersionPrinter                 : See what's new here: https://flywaydb.org/documentation/learnmore/releaseNotes#8.5.10
2022-08-11 16:50:36.431  INFO WHOFPF174FA4 --- [           main] o.f.c.i.l.VersionPrinter                 : 
2022-08-11 16:50:36.446  INFO WHOFPF174FA4 --- [           main] c.z.h.HikariDataSource                   : HikariPool-1 - Starting...
2022-08-11 16:50:36.462  INFO WHOFPF174FA4 --- [           main] c.z.h.HikariDataSource                   : HikariPool-1 - Start completed.
2022-08-11 16:50:36.484  INFO WHOFPF174FA4 --- [           main] o.f.c.i.d.b.BaseDatabaseType             : Database: jdbc:sqlite:lumen.sqlite (SQLite 3.36)
2022-08-11 16:50:36.484  INFO WHOFPF174FA4 --- [           main] o.f.c.i.c.DbValidate                     : Successfully validated 1 migration (execution time 00:00.002s)
2022-08-11 16:50:36.500  INFO WHOFPF174FA4 --- [           main] o.f.c.i.c.DbMigrate                      : Current version of schema "main": 1
2022-08-11 16:50:36.500  INFO WHOFPF174FA4 --- [           main] o.f.c.i.c.DbMigrate                      : Schema "main" is up to date. No migration necessary.
2022-08-11 16:50:36.600  INFO WHOFPF174FA4 --- [           main] o.h.j.i.u.LogHelper                      : HHH000204: Processing PersistenceUnitInfo [name: default]
2022-08-11 16:50:36.716  INFO WHOFPF174FA4 --- [           main] o.h.Version                              : HHH000412: Hibernate ORM core version 5.6.8.Final
2022-08-11 16:50:36.979  INFO WHOFPF174FA4 --- [           main] o.h.a.c.Version                          : HCANN000001: Hibernate Commons Annotations {5.1.2.Final}
2022-08-11 16:50:37.102  INFO WHOFPF174FA4 --- [           main] o.h.d.Dialect                            : HHH000400: Using dialect: org.sqlite.hibernate.dialect.SQLiteDialect
2022-08-11 16:50:37.202  INFO WHOFPF174FA4 --- [           main] o.h.d.Dialect                            : HHH000400: Using dialect: org.sqlite.hibernate.dialect.SQLiteDialect
2022-08-11 16:50:38.065  INFO WHOFPF174FA4 --- [           main] o.h.e.t.j.p.i.JtaPlatformInitiator       : HHH000490: Using JtaPlatform implementation: [org.hibernate.engine.transaction.jta.platform.internal.NoJtaPlatform]
2022-08-11 16:50:38.065  INFO WHOFPF174FA4 --- [           main] j.LocalContainerEntityManagerFactoryBean : Initialized JPA EntityManagerFactory for persistence unit 'default'
2022-08-11 16:50:39.154  INFO WHOFPF174FA4 --- [           main] o.s.s.w.DefaultSecurityFilterChain       : Will secure any request with [org.springframework.security.web.context.request.async.WebAsyncManagerIntegrationFilter@6ce1cc03, org.springframework.security.web.context.SecurityContextPersistenceFilter@1b4ade78, org.springframework.security.web.header.HeaderWriterFilter@2e76ade9, org.springframework.web.filter.CorsFilter@75973f7a, org.springframework.security.web.authentication.logout.LogoutFilter@156d7556, org.springframework.security.oauth2.server.resource.web.BearerTokenAuthenticationFilter@44d36b56, org.springframework.security.web.authentication.www.BasicAuthenticationFilter@19bad88, org.springframework.security.web.savedrequest.RequestCacheAwareFilter@32eeef08, org.springframework.security.web.servletapi.SecurityContextHolderAwareRequestFilter@67748053, org.springframework.security.web.authentication.AnonymousAuthenticationFilter@b1e63b5, org.springframework.security.web.session.SessionManagementFilter@32f8a37b, org.springframework.security.web.access.ExceptionTranslationFilter@29682244, org.springframework.security.web.access.intercept.FilterSecurityInterceptor@1dfd3635]
2022-08-11 16:50:39.638  INFO WHOFPF174FA4 --- [           main] o.a.c.h.Http11NioProtocol                : Starting ProtocolHandler ["http-nio-8080"]
2022-08-11 16:50:39.670  INFO WHOFPF174FA4 --- [           main] o.s.b.w.e.t.TomcatWebServer              : Tomcat started on port(s): 8080 (http) with context path '/lumen'
2022-08-11 16:50:39.692  INFO WHOFPF174FA4 --- [           main] b.l.MyBookmarksApplication               : Started MyBookmarksApplication in 7.031 seconds (JVM running for 9.945)
2022-08-11 17:12:28.196  INFO WHOFPF174FA4 --- [kground-preinit] o.h.v.i.u.Version                        : HV000001: Hibernate Validator 6.2.3.Final
2022-08-11 17:12:28.258  INFO WHOFPF174FA4 --- [           main] b.l.MyBookmarksApplication               : Starting MyBookmarksApplication using Java 11.0.15 on WHOFPF174FA4 with PID 25220 (C:\Users\sekirima\workspaces\exper\lumen\build\classes\groovy\main started by SEKIRIMA in C:\Users\sekirima\workspaces\exper\lumen)
2022-08-11 17:12:28.258  INFO WHOFPF174FA4 --- [           main] b.l.MyBookmarksApplication               : No active profile set, falling back to 1 default profile: "default"
2022-08-11 17:12:29.470  INFO WHOFPF174FA4 --- [           main] .s.d.r.c.RepositoryConfigurationDelegate : Bootstrapping Spring Data JPA repositories in DEFAULT mode.
2022-08-11 17:12:29.571  INFO WHOFPF174FA4 --- [           main] .s.d.r.c.RepositoryConfigurationDelegate : Finished Spring Data repository scanning in 81 ms. Found 2 JPA repository interfaces.
2022-08-11 17:12:30.503  INFO WHOFPF174FA4 --- [           main] o.s.b.w.e.t.TomcatWebServer              : Tomcat initialized with port(s): 8080 (http)
2022-08-11 17:12:30.519  INFO WHOFPF174FA4 --- [           main] o.a.c.h.Http11NioProtocol                : Initializing ProtocolHandler ["http-nio-8080"]
2022-08-11 17:12:30.519  INFO WHOFPF174FA4 --- [           main] o.a.c.c.StandardService                  : Starting service [Tomcat]
2022-08-11 17:12:30.519  INFO WHOFPF174FA4 --- [           main] o.a.c.c.StandardEngine                   : Starting Servlet engine: [Apache Tomcat/9.0.62]
2022-08-11 17:12:30.735  INFO WHOFPF174FA4 --- [           main] o.a.c.c.C.[.[.[/lumen]                   : Initializing Spring embedded WebApplicationContext
2022-08-11 17:12:30.735  INFO WHOFPF174FA4 --- [           main] w.s.c.ServletWebServerApplicationContext : Root WebApplicationContext: initialization completed in 2372 ms
2022-08-11 17:12:30.920  WARN WHOFPF174FA4 --- [           main] JpaBaseConfiguration$JpaWebConfiguration : spring.jpa.open-in-view is enabled by default. Therefore, database queries may be performed during view rendering. Explicitly configure spring.jpa.open-in-view to disable this warning
2022-08-11 17:12:31.005  INFO WHOFPF174FA4 --- [           main] o.f.c.i.l.VersionPrinter                 : Flyway Community Edition 8.5.10 by Redgate
2022-08-11 17:12:31.005  INFO WHOFPF174FA4 --- [           main] o.f.c.i.l.VersionPrinter                 : See what's new here: https://flywaydb.org/documentation/learnmore/releaseNotes#8.5.10
2022-08-11 17:12:31.005  INFO WHOFPF174FA4 --- [           main] o.f.c.i.l.VersionPrinter                 : 
2022-08-11 17:12:31.020  INFO WHOFPF174FA4 --- [           main] c.z.h.HikariDataSource                   : HikariPool-1 - Starting...
2022-08-11 17:12:31.036  INFO WHOFPF174FA4 --- [           main] c.z.h.HikariDataSource                   : HikariPool-1 - Start completed.
2022-08-11 17:12:31.052  INFO WHOFPF174FA4 --- [           main] o.f.c.i.d.b.BaseDatabaseType             : Database: jdbc:sqlite:lumen.sqlite (SQLite 3.36)
2022-08-11 17:12:31.067  INFO WHOFPF174FA4 --- [           main] o.f.c.i.c.DbValidate                     : Successfully validated 1 migration (execution time 00:00.003s)
2022-08-11 17:12:31.067  INFO WHOFPF174FA4 --- [           main] o.f.c.i.c.DbMigrate                      : Current version of schema "main": 1
2022-08-11 17:12:31.067  INFO WHOFPF174FA4 --- [           main] o.f.c.i.c.DbMigrate                      : Schema "main" is up to date. No migration necessary.
2022-08-11 17:12:31.205  INFO WHOFPF174FA4 --- [           main] o.h.j.i.u.LogHelper                      : HHH000204: Processing PersistenceUnitInfo [name: default]
