2022-08-12 15:41:40.908  INFO WHOFPF174FA4 --- [kground-preinit] o.h.v.i.u.Version                        : HV000001: Hibernate Validator 6.2.3.Final
2022-08-12 15:41:40.970  INFO WHOFPF174FA4 --- [           main] b.l.MyBookmarksApplication               : Starting MyBookmarksApplication using Java 11.0.15 on WHOFPF174FA4 with PID 1860 (C:\Users\sekirima\workspaces\exper\lumen\build\classes\groovy\main started by SEKIRIMA in C:\Users\sekirima\workspaces\exper\lumen)
2022-08-12 15:41:40.977  INFO WHOFPF174FA4 --- [           main] b.l.MyBookmarksApplication               : No active profile set, falling back to 1 default profile: "default"
2022-08-12 15:41:42.143  INFO WHOFPF174FA4 --- [           main] .s.d.r.c.RepositoryConfigurationDelegate : Bootstrapping Spring Data JPA repositories in DEFAULT mode.
2022-08-12 15:41:42.231  INFO WHOFPF174FA4 --- [           main] .s.d.r.c.RepositoryConfigurationDelegate : Finished Spring Data repository scanning in 69 ms. Found 2 JPA repository interfaces.
2022-08-12 15:41:43.093  INFO WHOFPF174FA4 --- [           main] o.s.b.w.e.t.TomcatWebServer              : Tomcat initialized with port(s): 8080 (http)
2022-08-12 15:41:43.107  INFO WHOFPF174FA4 --- [           main] o.a.c.h.Http11NioProtocol                : Initializing ProtocolHandler ["http-nio-8080"]
2022-08-12 15:41:43.108  INFO WHOFPF174FA4 --- [           main] o.a.c.c.StandardService                  : Starting service [Tomcat]
2022-08-12 15:41:43.108  INFO WHOFPF174FA4 --- [           main] o.a.c.c.StandardEngine                   : Starting Servlet engine: [Apache Tomcat/9.0.62]
2022-08-12 15:41:43.306  INFO WHOFPF174FA4 --- [           main] o.a.c.c.C.[.[.[/lumen]                   : Initializing Spring embedded WebApplicationContext
2022-08-12 15:41:43.306  INFO WHOFPF174FA4 --- [           main] w.s.c.ServletWebServerApplicationContext : Root WebApplicationContext: initialization completed in 2238 ms
2022-08-12 15:41:43.498  INFO WHOFPF174FA4 --- [           main] o.f.c.i.l.VersionPrinter                 : Flyway Community Edition 8.5.10 by Redgate
2022-08-12 15:41:43.498  INFO WHOFPF174FA4 --- [           main] o.f.c.i.l.VersionPrinter                 : See what's new here: https://flywaydb.org/documentation/learnmore/releaseNotes#8.5.10
2022-08-12 15:41:43.499  INFO WHOFPF174FA4 --- [           main] o.f.c.i.l.VersionPrinter                 : 
2022-08-12 15:41:43.509  WARN WHOFPF174FA4 --- [           main] c.z.h.HikariConfig                       : HikariPool-1 - idleTimeout has been set but has no effect because the pool is operating as a fixed size pool.
2022-08-12 15:41:43.509  INFO WHOFPF174FA4 --- [           main] c.z.h.HikariDataSource                   : HikariPool-1 - Starting...
2022-08-12 15:41:43.539  INFO WHOFPF174FA4 --- [           main] c.z.h.HikariDataSource                   : HikariPool-1 - Start completed.
2022-08-12 15:41:43.552  INFO WHOFPF174FA4 --- [           main] o.f.c.i.d.b.BaseDatabaseType             : Database: jdbc:sqlite:lumen.sqlite (SQLite 3.36)
2022-08-12 15:41:43.570  INFO WHOFPF174FA4 --- [           main] o.f.c.i.c.DbValidate                     : Successfully validated 1 migration (execution time 00:00.004s)
2022-08-12 15:41:43.572  INFO WHOFPF174FA4 --- [           main] o.f.c.i.c.DbMigrate                      : Current version of schema "main": 1
2022-08-12 15:41:43.573  INFO WHOFPF174FA4 --- [           main] o.f.c.i.c.DbMigrate                      : Schema "main" is up to date. No migration necessary.
2022-08-12 15:41:43.759  INFO WHOFPF174FA4 --- [           main] o.h.j.i.u.LogHelper                      : HHH000204: Processing PersistenceUnitInfo [name: default]
2022-08-12 15:41:43.888  INFO WHOFPF174FA4 --- [           main] o.h.Version                              : HHH000412: Hibernate ORM core version 5.6.8.Final
2022-08-12 15:41:44.255  INFO WHOFPF174FA4 --- [           main] o.h.a.c.Version                          : HCANN000001: Hibernate Commons Annotations {5.1.2.Final}
2022-08-12 15:41:44.426  INFO WHOFPF174FA4 --- [           main] o.h.d.Dialect                            : HHH000400: Using dialect: org.sqlite.hibernate.dialect.SQLiteDialect
2022-08-12 15:41:44.513  INFO WHOFPF174FA4 --- [           main] o.h.d.Dialect                            : HHH000400: Using dialect: org.sqlite.hibernate.dialect.SQLiteDialect
2022-08-12 15:41:45.659  INFO WHOFPF174FA4 --- [           main] o.h.e.t.j.p.i.JtaPlatformInitiator       : HHH000490: Using JtaPlatform implementation: [org.hibernate.engine.transaction.jta.platform.internal.NoJtaPlatform]
2022-08-12 15:41:45.673  INFO WHOFPF174FA4 --- [           main] j.LocalContainerEntityManagerFactoryBean : Initialized JPA EntityManagerFactory for persistence unit 'default'
2022-08-12 15:41:45.870  WARN WHOFPF174FA4 --- [           main] JpaBaseConfiguration$JpaWebConfiguration : spring.jpa.open-in-view is enabled by default. Therefore, database queries may be performed during view rendering. Explicitly configure spring.jpa.open-in-view to disable this warning
2022-08-12 15:41:47.191  INFO WHOFPF174FA4 --- [           main] o.s.s.w.DefaultSecurityFilterChain       : Will secure any request with [org.springframework.security.web.context.request.async.WebAsyncManagerIntegrationFilter@439054a7, org.springframework.security.web.context.SecurityContextPersistenceFilter@6ce1cc03, org.springframework.security.web.header.HeaderWriterFilter@62682ece, org.springframework.security.web.csrf.CsrfFilter@57d0c779, org.springframework.security.web.authentication.logout.LogoutFilter@20331c8e, org.springframework.security.oauth2.server.resource.web.BearerTokenAuthenticationFilter@599fab92, org.springframework.security.web.authentication.www.BasicAuthenticationFilter@f461c9c, org.springframework.security.web.savedrequest.RequestCacheAwareFilter@186537ac, org.springframework.security.web.servletapi.SecurityContextHolderAwareRequestFilter@301c622d, org.springframework.security.web.authentication.AnonymousAuthenticationFilter@4fc1eee5, org.springframework.security.web.session.SessionManagementFilter@3420547, org.springframework.security.web.access.ExceptionTranslationFilter@d79a69b, org.springframework.security.web.access.intercept.FilterSecurityInterceptor@49314684]
2022-08-12 15:41:47.983  INFO WHOFPF174FA4 --- [           main] o.a.c.h.Http11NioProtocol                : Starting ProtocolHandler ["http-nio-8080"]
2022-08-12 15:41:48.021  INFO WHOFPF174FA4 --- [           main] o.s.b.w.e.t.TomcatWebServer              : Tomcat started on port(s): 8080 (http) with context path '/lumen'
2022-08-12 15:41:48.036  INFO WHOFPF174FA4 --- [           main] b.l.MyBookmarksApplication               : Started MyBookmarksApplication in 7.753 seconds (JVM running for 10.454)
2022-08-12 15:41:48.600  INFO WHOFPF174FA4 --- [nio-8080-exec-1] o.a.c.c.C.[.[.[/lumen]                   : Initializing Spring DispatcherServlet 'dispatcherServlet'
2022-08-12 15:41:48.601  INFO WHOFPF174FA4 --- [nio-8080-exec-1] o.s.w.s.DispatcherServlet                : Initializing Servlet 'dispatcherServlet'
2022-08-12 15:41:48.603  INFO WHOFPF174FA4 --- [nio-8080-exec-1] o.s.w.s.DispatcherServlet                : Completed initialization in 2 ms
2022-08-12 15:41:49.702  WARN WHOFPF174FA4 --- [nio-8080-exec-2] o.a.c.u.SessionIdGeneratorBase           : Creation of SecureRandom instance for session ID generation using [SHA1PRNG] took [900] milliseconds.
2022-08-12 15:43:59.172  INFO WHOFPF174FA4 --- [kground-preinit] o.h.v.i.u.Version                        : HV000001: Hibernate Validator 6.2.3.Final
2022-08-12 15:43:59.233  INFO WHOFPF174FA4 --- [           main] b.l.MyBookmarksApplication               : Starting MyBookmarksApplication using Java 11.0.15 on WHOFPF174FA4 with PID 4772 (C:\Users\sekirima\workspaces\exper\lumen\build\classes\groovy\main started by SEKIRIMA in C:\Users\sekirima\workspaces\exper\lumen)
2022-08-12 15:43:59.239  INFO WHOFPF174FA4 --- [           main] b.l.MyBookmarksApplication               : No active profile set, falling back to 1 default profile: "default"
2022-08-12 15:44:00.398  INFO WHOFPF174FA4 --- [           main] .s.d.r.c.RepositoryConfigurationDelegate : Bootstrapping Spring Data JPA repositories in DEFAULT mode.
2022-08-12 15:44:00.490  INFO WHOFPF174FA4 --- [           main] .s.d.r.c.RepositoryConfigurationDelegate : Finished Spring Data repository scanning in 70 ms. Found 2 JPA repository interfaces.
2022-08-12 15:44:01.370  INFO WHOFPF174FA4 --- [           main] o.s.b.w.e.t.TomcatWebServer              : Tomcat initialized with port(s): 8080 (http)
2022-08-12 15:44:01.415  INFO WHOFPF174FA4 --- [           main] o.a.c.h.Http11NioProtocol                : Initializing ProtocolHandler ["http-nio-8080"]
2022-08-12 15:44:01.416  INFO WHOFPF174FA4 --- [           main] o.a.c.c.StandardService                  : Starting service [Tomcat]
2022-08-12 15:44:01.417  INFO WHOFPF174FA4 --- [           main] o.a.c.c.StandardEngine                   : Starting Servlet engine: [Apache Tomcat/9.0.62]
2022-08-12 15:44:01.677  INFO WHOFPF174FA4 --- [           main] o.a.c.c.C.[.[.[/lumen]                   : Initializing Spring embedded WebApplicationContext
2022-08-12 15:44:01.677  INFO WHOFPF174FA4 --- [           main] w.s.c.ServletWebServerApplicationContext : Root WebApplicationContext: initialization completed in 2348 ms
2022-08-12 15:44:01.886  INFO WHOFPF174FA4 --- [           main] o.f.c.i.l.VersionPrinter                 : Flyway Community Edition 8.5.10 by Redgate
2022-08-12 15:44:01.888  INFO WHOFPF174FA4 --- [           main] o.f.c.i.l.VersionPrinter                 : See what's new here: https://flywaydb.org/documentation/learnmore/releaseNotes#8.5.10
2022-08-12 15:44:01.890  INFO WHOFPF174FA4 --- [           main] o.f.c.i.l.VersionPrinter                 : 
2022-08-12 15:44:01.920  WARN WHOFPF174FA4 --- [           main] c.z.h.HikariConfig                       : HikariPool-1 - idleTimeout has been set but has no effect because the pool is operating as a fixed size pool.
2022-08-12 15:44:01.921  INFO WHOFPF174FA4 --- [           main] c.z.h.HikariDataSource                   : HikariPool-1 - Starting...
2022-08-12 15:44:02.085  INFO WHOFPF174FA4 --- [           main] c.z.h.HikariDataSource                   : HikariPool-1 - Start completed.
