2022-08-12 15:55:47.188  INFO WHOFPF174FA4 --- [           main] o.a.c.h.Http11NioProtocol                : Starting ProtocolHandler ["http-nio-8080"]
2022-08-12 15:55:47.275  INFO WHOFPF174FA4 --- [           main] o.s.b.w.e.t.TomcatWebServer              : Tomcat started on port(s): 8080 (http) with context path '/lumen'
2022-08-12 15:55:47.300  INFO WHOFPF174FA4 --- [           main] b.l.MyBookmarksApplication               : Started MyBookmarksApplication in 8.333 seconds (JVM running for 12.197)
2022-08-12 15:55:52.695  INFO WHOFPF174FA4 --- [nio-8080-exec-1] o.a.c.c.C.[.[.[/lumen]                   : Initializing Spring DispatcherServlet 'dispatcherServlet'
2022-08-12 15:55:52.696  INFO WHOFPF174FA4 --- [nio-8080-exec-1] o.s.w.s.DispatcherServlet                : Initializing Servlet 'dispatcherServlet'
2022-08-12 15:55:52.699  INFO WHOFPF174FA4 --- [nio-8080-exec-1] o.s.w.s.DispatcherServlet                : Completed initialization in 1 ms
2022-08-12 15:56:10.598  INFO WHOFPF174FA4 --- [kground-preinit] o.h.v.i.u.Version                        : HV000001: Hibernate Validator 6.2.3.Final
2022-08-12 15:56:10.653  INFO WHOFPF174FA4 --- [           main] b.l.MyBookmarksApplication               : Starting MyBookmarksApplication using Java 11.0.15 on WHOFPF174FA4 with PID 17668 (C:\Users\sekirima\workspaces\exper\lumen\build\classes\groovy\main started by SEKIRIMA in C:\Users\sekirima\workspaces\exper\lumen)
2022-08-12 15:56:10.660  INFO WHOFPF174FA4 --- [           main] b.l.MyBookmarksApplication               : No active profile set, falling back to 1 default profile: "default"
2022-08-12 15:56:11.849  INFO WHOFPF174FA4 --- [           main] .s.d.r.c.RepositoryConfigurationDelegate : Bootstrapping Spring Data JPA repositories in DEFAULT mode.
2022-08-12 15:56:11.937  INFO WHOFPF174FA4 --- [           main] .s.d.r.c.RepositoryConfigurationDelegate : Finished Spring Data repository scanning in 69 ms. Found 2 JPA repository interfaces.
2022-08-12 15:56:12.848  INFO WHOFPF174FA4 --- [           main] o.s.b.w.e.t.TomcatWebServer              : Tomcat initialized with port(s): 8080 (http)
2022-08-12 15:56:12.864  INFO WHOFPF174FA4 --- [           main] o.a.c.h.Http11NioProtocol                : Initializing ProtocolHandler ["http-nio-8080"]
2022-08-12 15:56:12.865  INFO WHOFPF174FA4 --- [           main] o.a.c.c.StandardService                  : Starting service [Tomcat]
2022-08-12 15:56:12.865  INFO WHOFPF174FA4 --- [           main] o.a.c.c.StandardEngine                   : Starting Servlet engine: [Apache Tomcat/9.0.62]
2022-08-12 15:56:13.077  INFO WHOFPF174FA4 --- [           main] o.a.c.c.C.[.[.[/lumen]                   : Initializing Spring embedded WebApplicationContext
2022-08-12 15:56:13.078  INFO WHOFPF174FA4 --- [           main] w.s.c.ServletWebServerApplicationContext : Root WebApplicationContext: initialization completed in 2312 ms
2022-08-12 15:56:13.235  INFO WHOFPF174FA4 --- [           main] o.f.c.i.l.VersionPrinter                 : Flyway Community Edition 8.5.10 by Redgate
2022-08-12 15:56:13.236  INFO WHOFPF174FA4 --- [           main] o.f.c.i.l.VersionPrinter                 : See what's new here: https://flywaydb.org/documentation/learnmore/releaseNotes#8.5.10
2022-08-12 15:56:13.236  INFO WHOFPF174FA4 --- [           main] o.f.c.i.l.VersionPrinter                 : 
2022-08-12 15:56:13.243  WARN WHOFPF174FA4 --- [           main] c.z.h.HikariConfig                       : HikariPool-1 - idleTimeout has been set but has no effect because the pool is operating as a fixed size pool.
2022-08-12 15:56:13.243  INFO WHOFPF174FA4 --- [           main] c.z.h.HikariDataSource                   : HikariPool-1 - Starting...
2022-08-12 15:56:13.267  INFO WHOFPF174FA4 --- [           main] c.z.h.HikariDataSource                   : HikariPool-1 - Start completed.
2022-08-12 15:56:13.278  INFO WHOFPF174FA4 --- [           main] o.f.c.i.d.b.BaseDatabaseType             : Database: jdbc:sqlite:lumen.sqlite (SQLite 3.36)
2022-08-12 15:56:13.292  INFO WHOFPF174FA4 --- [           main] o.f.c.i.c.DbValidate                     : Successfully validated 1 migration (execution time 00:00.002s)
2022-08-12 15:56:13.293  INFO WHOFPF174FA4 --- [           main] o.f.c.i.c.DbMigrate                      : Current version of schema "main": 1
2022-08-12 15:56:13.294  INFO WHOFPF174FA4 --- [           main] o.f.c.i.c.DbMigrate                      : Schema "main" is up to date. No migration necessary.
2022-08-12 15:56:13.416  INFO WHOFPF174FA4 --- [           main] o.h.j.i.u.LogHelper                      : HHH000204: Processing PersistenceUnitInfo [name: default]
2022-08-12 15:56:13.499  INFO WHOFPF174FA4 --- [           main] o.h.Version                              : HHH000412: Hibernate ORM core version 5.6.8.Final
2022-08-12 15:56:13.733  INFO WHOFPF174FA4 --- [           main] o.h.a.c.Version                          : HCANN000001: Hibernate Commons Annotations {5.1.2.Final}
2022-08-12 15:56:13.875  INFO WHOFPF174FA4 --- [           main] o.h.d.Dialect                            : HHH000400: Using dialect: org.sqlite.hibernate.dialect.SQLiteDialect
2022-08-12 15:56:13.941  INFO WHOFPF174FA4 --- [           main] o.h.d.Dialect                            : HHH000400: Using dialect: org.sqlite.hibernate.dialect.SQLiteDialect
2022-08-12 15:56:14.697  INFO WHOFPF174FA4 --- [           main] o.h.e.t.j.p.i.JtaPlatformInitiator       : HHH000490: Using JtaPlatform implementation: [org.hibernate.engine.transaction.jta.platform.internal.NoJtaPlatform]
2022-08-12 15:56:14.707  INFO WHOFPF174FA4 --- [           main] j.LocalContainerEntityManagerFactoryBean : Initialized JPA EntityManagerFactory for persistence unit 'default'
2022-08-12 15:56:14.820  WARN WHOFPF174FA4 --- [           main] JpaBaseConfiguration$JpaWebConfiguration : spring.jpa.open-in-view is enabled by default. Therefore, database queries may be performed during view rendering. Explicitly configure spring.jpa.open-in-view to disable this warning
2022-08-12 15:56:16.029  INFO WHOFPF174FA4 --- [           main] o.s.s.w.DefaultSecurityFilterChain       : Will secure any request with [org.springframework.security.web.context.request.async.WebAsyncManagerIntegrationFilter@2286dfcd, org.springframework.security.web.context.SecurityContextPersistenceFilter@186537ac, org.springframework.security.web.header.HeaderWriterFilter@7c0ecdbf, org.springframework.web.filter.CorsFilter@4557723a, org.springframework.security.web.authentication.logout.LogoutFilter@1b6e32ee, org.springframework.security.oauth2.server.resource.web.BearerTokenAuthenticationFilter@72b689f6, org.springframework.security.web.authentication.www.BasicAuthenticationFilter@66c88fce, org.springframework.security.web.savedrequest.RequestCacheAwareFilter@25502b1c, org.springframework.security.web.servletapi.SecurityContextHolderAwareRequestFilter@16a78700, org.springframework.security.web.authentication.AnonymousAuthenticationFilter@7308d133, org.springframework.security.web.session.SessionManagementFilter@6ce1cc03, org.springframework.security.web.access.ExceptionTranslationFilter@62682ece, org.springframework.security.web.access.intercept.FilterSecurityInterceptor@485a5c9]
2022-08-12 15:56:16.324  INFO WHOFPF174FA4 --- [           main] o.a.c.h.Http11NioProtocol                : Starting ProtocolHandler ["http-nio-8080"]
2022-08-12 15:56:16.356  INFO WHOFPF174FA4 --- [           main] o.s.b.w.e.t.TomcatWebServer              : Tomcat started on port(s): 8080 (http) with context path '/lumen'
2022-08-12 15:56:16.370  INFO WHOFPF174FA4 --- [           main] b.l.MyBookmarksApplication               : Started MyBookmarksApplication in 6.666 seconds (JVM running for 9.638)
2022-08-14 16:52:58.449  INFO WHOFPF174FA4 --- [nio-8080-exec-1] o.a.c.c.C.[.[.[/lumen]                   : Initializing Spring DispatcherServlet 'dispatcherServlet'
2022-08-14 16:52:58.466  INFO WHOFPF174FA4 --- [nio-8080-exec-1] o.s.w.s.DispatcherServlet                : Initializing Servlet 'dispatcherServlet'
2022-08-14 16:52:58.538  INFO WHOFPF174FA4 --- [nio-8080-exec-1] o.s.w.s.DispatcherServlet                : Completed initialization in 71 ms
2022-08-14 17:11:10.750  INFO WHOFPF174FA4 --- [kground-preinit] o.h.v.i.u.Version                        : HV000001: Hibernate Validator 6.2.3.Final
2022-08-14 17:11:10.826  INFO WHOFPF174FA4 --- [           main] b.l.MyBookmarksApplication               : Starting MyBookmarksApplication using Java 11.0.15 on WHOFPF174FA4 with PID 19748 (C:\Users\sekirima\workspaces\exper\lumen\build\classes\groovy\main started by SEKIRIMA in C:\Users\sekirima\workspaces\exper\lumen)
2022-08-14 17:11:10.834  INFO WHOFPF174FA4 --- [           main] b.l.MyBookmarksApplication               : No active profile set, falling back to 1 default profile: "default"
2022-08-14 17:11:12.158  INFO WHOFPF174FA4 --- [           main] .s.d.r.c.RepositoryConfigurationDelegate : Bootstrapping Spring Data JPA repositories in DEFAULT mode.
2022-08-14 17:11:12.258  INFO WHOFPF174FA4 --- [           main] .s.d.r.c.RepositoryConfigurationDelegate : Finished Spring Data repository scanning in 84 ms. Found 2 JPA repository interfaces.
2022-08-14 17:11:13.190  INFO WHOFPF174FA4 --- [           main] o.s.b.w.e.t.TomcatWebServer              : Tomcat initialized with port(s): 8080 (http)
2022-08-14 17:11:13.206  INFO WHOFPF174FA4 --- [           main] o.a.c.h.Http11NioProtocol                : Initializing ProtocolHandler ["http-nio-8080"]
2022-08-14 17:11:13.207  INFO WHOFPF174FA4 --- [           main] o.a.c.c.StandardService                  : Starting service [Tomcat]
2022-08-14 17:11:13.208  INFO WHOFPF174FA4 --- [           main] o.a.c.c.StandardEngine                   : Starting Servlet engine: [Apache Tomcat/9.0.62]
2022-08-14 17:11:13.435  INFO WHOFPF174FA4 --- [           main] o.a.c.c.C.[.[.[/lumen]                   : Initializing Spring embedded WebApplicationContext
2022-08-14 17:11:13.436  INFO WHOFPF174FA4 --- [           main] w.s.c.ServletWebServerApplicationContext : Root WebApplicationContext: initialization completed in 2503 ms
2022-08-14 17:11:13.616  WARN WHOFPF174FA4 --- [           main] JpaBaseConfiguration$JpaWebConfiguration : spring.jpa.open-in-view is enabled by default. Therefore, database queries may be performed during view rendering. Explicitly configure spring.jpa.open-in-view to disable this warning
