2022-08-05 11:55:18.502  INFO WHOFPF174FA4 --- [           main] o.f.c.i.d.b.BaseDatabaseType             : Database: jdbc:sqlite:lumen.sqlite (SQLite 3.36)
2022-08-05 11:55:18.565  INFO WHOFPF174FA4 --- [           main] o.f.c.i.c.DbValidate                     : Successfully validated 1 migration (execution time 00:00.002s)
2022-08-05 11:55:18.565  INFO WHOFPF174FA4 --- [           main] o.f.c.i.c.DbMigrate                      : Current version of schema "main": 1
2022-08-05 11:55:18.565  INFO WHOFPF174FA4 --- [           main] o.f.c.i.c.DbMigrate                      : Schema "main" is up to date. No migration necessary.
2022-08-05 11:55:18.734  INFO WHOFPF174FA4 --- [           main] o.h.j.i.u.LogHelper                      : HHH000204: Processing PersistenceUnitInfo [name: default]
2022-08-05 11:55:18.888  INFO WHOFPF174FA4 --- [           main] o.h.Version                              : HHH000412: Hibernate ORM core version 5.6.8.Final
2022-08-05 11:55:19.282  INFO WHOFPF174FA4 --- [           main] o.h.a.c.Version                          : HCANN000001: Hibernate Commons Annotations {5.1.2.Final}
2022-08-05 11:55:19.490  INFO WHOFPF174FA4 --- [           main] o.h.d.Dialect                            : HHH000400: Using dialect: org.sqlite.hibernate.dialect.SQLiteDialect
2022-08-05 11:55:19.568  INFO WHOFPF174FA4 --- [           main] o.h.d.Dialect                            : HHH000400: Using dialect: org.sqlite.hibernate.dialect.SQLiteDialect
2022-08-05 11:55:20.492  INFO WHOFPF174FA4 --- [           main] o.h.e.t.j.p.i.JtaPlatformInitiator       : HHH000490: Using JtaPlatform implementation: [org.hibernate.engine.transaction.jta.platform.internal.NoJtaPlatform]
2022-08-05 11:55:20.508  INFO WHOFPF174FA4 --- [           main] j.LocalContainerEntityManagerFactoryBean : Initialized JPA EntityManagerFactory for persistence unit 'default'
2022-08-05 11:55:21.843  INFO WHOFPF174FA4 --- [           main] o.s.s.w.DefaultSecurityFilterChain       : Will secure any request with [org.springframework.security.web.context.request.async.WebAsyncManagerIntegrationFilter@31c800a5, org.springframework.security.web.context.SecurityContextPersistenceFilter@6cfe32cd, org.springframework.security.web.header.HeaderWriterFilter@7894a250, org.springframework.web.filter.CorsFilter@3f267e1b, org.springframework.security.web.authentication.logout.LogoutFilter@533690d, org.springframework.security.oauth2.server.resource.web.BearerTokenAuthenticationFilter@76055d02, org.springframework.security.web.authentication.www.BasicAuthenticationFilter@6ddc817f, org.springframework.security.web.savedrequest.RequestCacheAwareFilter@3f31cf8f, org.springframework.security.web.servletapi.SecurityContextHolderAwareRequestFilter@443b9ebb, org.springframework.security.web.authentication.AnonymousAuthenticationFilter@130ad58d, org.springframework.security.web.session.SessionManagementFilter@5e97da56, org.springframework.security.web.access.ExceptionTranslationFilter@2040732f, org.springframework.security.web.access.intercept.FilterSecurityInterceptor@536f389]
2022-08-05 11:55:22.498  INFO WHOFPF174FA4 --- [           main] o.a.c.h.Http11NioProtocol                : Starting ProtocolHandler ["http-nio-8080"]
2022-08-05 11:55:22.561  INFO WHOFPF174FA4 --- [           main] o.s.b.w.e.t.TomcatWebServer              : Tomcat started on port(s): 8080 (http) with context path '/lumen'
2022-08-05 11:55:22.576  INFO WHOFPF174FA4 --- [           main] b.l.MyBookmarksApplication               : Started MyBookmarksApplication in 9.057 seconds (JVM running for 12.822)
2022-08-05 11:56:27.805  INFO WHOFPF174FA4 --- [nio-8080-exec-3] o.a.c.c.C.[.[.[/lumen]                   : Initializing Spring DispatcherServlet 'dispatcherServlet'
2022-08-05 11:56:27.806  INFO WHOFPF174FA4 --- [nio-8080-exec-3] o.s.w.s.DispatcherServlet                : Initializing Servlet 'dispatcherServlet'
2022-08-05 11:56:27.811  INFO WHOFPF174FA4 --- [nio-8080-exec-3] o.s.w.s.DispatcherServlet                : Completed initialization in 4 ms
2022-08-05 11:56:38.595  WARN WHOFPF174FA4 --- [nio-8080-exec-3] o.s.s.c.b.BCryptPasswordEncoder          : Encoded password does not look like BCrypt
2022-08-05 11:58:47.292  INFO WHOFPF174FA4 --- [kground-preinit] o.h.v.i.u.Version                        : HV000001: Hibernate Validator 6.2.3.Final
2022-08-05 11:58:47.419  INFO WHOFPF174FA4 --- [           main] b.l.MyBookmarksApplication               : Starting MyBookmarksApplication using Java 11.0.15 on WHOFPF174FA4 with PID 20032 (C:\Users\sekirima\workspaces\exper\lumen\build\classes\groovy\main started by SEKIRIMA in C:\Users\sekirima\workspaces\exper\lumen)
2022-08-05 11:58:47.424  INFO WHOFPF174FA4 --- [           main] b.l.MyBookmarksApplication               : No active profile set, falling back to 1 default profile: "default"
2022-08-05 11:58:50.413  INFO WHOFPF174FA4 --- [           main] .s.d.r.c.RepositoryConfigurationDelegate : Bootstrapping Spring Data JPA repositories in DEFAULT mode.
2022-08-05 11:58:50.570  INFO WHOFPF174FA4 --- [           main] .s.d.r.c.RepositoryConfigurationDelegate : Finished Spring Data repository scanning in 117 ms. Found 1 JPA repository interfaces.
2022-08-05 11:58:51.975  INFO WHOFPF174FA4 --- [           main] o.s.b.w.e.t.TomcatWebServer              : Tomcat initialized with port(s): 8080 (http)
2022-08-05 11:58:52.009  INFO WHOFPF174FA4 --- [           main] o.a.c.h.Http11NioProtocol                : Initializing ProtocolHandler ["http-nio-8080"]
2022-08-05 11:58:52.009  INFO WHOFPF174FA4 --- [           main] o.a.c.c.StandardService                  : Starting service [Tomcat]
2022-08-05 11:58:52.009  INFO WHOFPF174FA4 --- [           main] o.a.c.c.StandardEngine                   : Starting Servlet engine: [Apache Tomcat/9.0.62]
2022-08-05 11:58:52.398  INFO WHOFPF174FA4 --- [           main] o.a.c.c.C.[.[.[/lumen]                   : Initializing Spring embedded WebApplicationContext
2022-08-05 11:58:52.399  INFO WHOFPF174FA4 --- [           main] w.s.c.ServletWebServerApplicationContext : Root WebApplicationContext: initialization completed in 4615 ms
2022-08-05 11:58:52.685  WARN WHOFPF174FA4 --- [           main] JpaBaseConfiguration$JpaWebConfiguration : spring.jpa.open-in-view is enabled by default. Therefore, database queries may be performed during view rendering. Explicitly configure spring.jpa.open-in-view to disable this warning
2022-08-05 11:58:52.817  INFO WHOFPF174FA4 --- [           main] o.f.c.i.l.VersionPrinter                 : Flyway Community Edition 8.5.10 by Redgate
2022-08-05 11:58:52.817  INFO WHOFPF174FA4 --- [           main] o.f.c.i.l.VersionPrinter                 : See what's new here: https://flywaydb.org/documentation/learnmore/releaseNotes#8.5.10
2022-08-05 11:58:52.818  INFO WHOFPF174FA4 --- [           main] o.f.c.i.l.VersionPrinter                 : 
2022-08-05 11:58:52.825  INFO WHOFPF174FA4 --- [           main] c.z.h.HikariDataSource                   : HikariPool-1 - Starting...
2022-08-05 11:58:52.874  INFO WHOFPF174FA4 --- [           main] c.z.h.HikariDataSource                   : HikariPool-1 - Start completed.
2022-08-05 11:58:52.889  INFO WHOFPF174FA4 --- [           main] o.f.c.i.d.b.BaseDatabaseType             : Database: jdbc:sqlite:lumen.sqlite (SQLite 3.36)
2022-08-05 11:58:52.892  INFO WHOFPF174FA4 --- [           main] o.f.c.i.c.DbValidate                     : Successfully validated 1 migration (execution time 00:00.004s)
2022-08-05 11:58:52.892  INFO WHOFPF174FA4 --- [           main] o.f.c.i.c.DbMigrate                      : Current version of schema "main": 1
2022-08-05 11:58:52.892  INFO WHOFPF174FA4 --- [           main] o.f.c.i.c.DbMigrate                      : Schema "main" is up to date. No migration necessary.
2022-08-05 11:58:53.079  INFO WHOFPF174FA4 --- [           main] o.h.j.i.u.LogHelper                      : HHH000204: Processing PersistenceUnitInfo [name: default]
2022-08-05 11:58:53.260  INFO WHOFPF174FA4 --- [           main] o.h.Version                              : HHH000412: Hibernate ORM core version 5.6.8.Final
2022-08-05 11:58:53.809  INFO WHOFPF174FA4 --- [           main] o.h.a.c.Version                          : HCANN000001: Hibernate Commons Annotations {5.1.2.Final}
2022-08-05 11:58:54.145  INFO WHOFPF174FA4 --- [           main] o.h.d.Dialect                            : HHH000400: Using dialect: org.sqlite.hibernate.dialect.SQLiteDialect
2022-08-05 11:58:54.246  INFO WHOFPF174FA4 --- [           main] o.h.d.Dialect                            : HHH000400: Using dialect: org.sqlite.hibernate.dialect.SQLiteDialect
2022-08-05 11:58:55.853  INFO WHOFPF174FA4 --- [           main] o.h.e.t.j.p.i.JtaPlatformInitiator       : HHH000490: Using JtaPlatform implementation: [org.hibernate.engine.transaction.jta.platform.internal.NoJtaPlatform]
2022-08-05 11:58:55.865  INFO WHOFPF174FA4 --- [           main] j.LocalContainerEntityManagerFactoryBean : Initialized JPA EntityManagerFactory for persistence unit 'default'
2022-08-05 11:58:57.953  INFO WHOFPF174FA4 --- [           main] o.s.s.w.DefaultSecurityFilterChain       : Will secure any request with [org.springframework.security.web.context.request.async.WebAsyncManagerIntegrationFilter@7fb28ed, org.springframework.security.web.context.SecurityContextPersistenceFilter@6a175162, org.springframework.security.web.header.HeaderWriterFilter@c6db00d, org.springframework.web.filter.CorsFilter@6e069ca9, org.springframework.security.web.authentication.logout.LogoutFilter@5f14eb51, org.springframework.security.oauth2.server.resource.web.BearerTokenAuthenticationFilter@3b9c386d, org.springframework.security.web.authentication.www.BasicAuthenticationFilter@edf4973, org.springframework.security.web.savedrequest.RequestCacheAwareFilter@650a0b50, org.springframework.security.web.servletapi.SecurityContextHolderAwareRequestFilter@cda988, org.springframework.security.web.authentication.AnonymousAuthenticationFilter@536f389, org.springframework.security.web.session.SessionManagementFilter@2e17a9e6, org.springframework.security.web.access.ExceptionTranslationFilter@3811464b, org.springframework.security.web.access.intercept.FilterSecurityInterceptor@54c697c]
