2022-07-04 22:56:03.625 ERROR WHOFPF174FA4 --- [nio-8080-exec-4] o.a.c.c.C.[.[.[.[dispatcherServlet]      : Servlet.service() for servlet [dispatcherServlet] in context with path [] threw exception [Request processing failed; nested exception is groovy.lang.MissingMethodException: No signature of method: bookmarks.lumen.domain.Bookmark.setPeriodHours() is applicable for argument types: (Long) values: [24]
Possible solutions: setPeriodHours(int), getPeriodHours()] with root cause
groovy.lang.MissingMethodException: No signature of method: bookmarks.lumen.domain.Bookmark.setPeriodHours() is applicable for argument types: (Long) values: [24]
Possible solutions: setPeriodHours(int), getPeriodHours()
	at org.codehaus.groovy.runtime.ScriptBytecodeAdapter.unwrap(ScriptBytecodeAdapter.java:70)
	at org.codehaus.groovy.runtime.callsite.PogoMetaClassSite.call(PogoMetaClassSite.java:50)
	at org.codehaus.groovy.runtime.callsite.CallSiteArray.defaultCall(CallSiteArray.java:47)
	at org.codehaus.groovy.runtime.callsite.AbstractCallSite.call(AbstractCallSite.java:125)
	at org.codehaus.groovy.runtime.callsite.AbstractCallSite.call(AbstractCallSite.java:139)
	at bookmarks.lumen.controller.BookmarkController$_putBookmarks_closure1.doCall(BookmarkController.groovy:41)
	at java.base/jdk.internal.reflect.NativeMethodAccessorImpl.invoke0(Native Method)
	at java.base/jdk.internal.reflect.NativeMethodAccessorImpl.invoke(NativeMethodAccessorImpl.java:62)
	at java.base/jdk.internal.reflect.DelegatingMethodAccessorImpl.invoke(DelegatingMethodAccessorImpl.java:43)
	at java.base/java.lang.reflect.Method.invoke(Method.java:566)
	at org.codehaus.groovy.reflection.CachedMethod.invoke(CachedMethod.java:107)
	at groovy.lang.MetaMethod.doMethodInvoke(MetaMethod.java:323)
	at org.codehaus.groovy.runtime.metaclass.ClosureMetaClass.invokeMethod(ClosureMetaClass.java:274)
	at groovy.lang.MetaClassImpl.invokeMethod(MetaClassImpl.java:1035)
	at groovy.lang.Closure.call(Closure.java:412)
	at groovy.lang.Closure.call(Closure.java:428)
	at org.codehaus.groovy.runtime.DefaultGroovyMethods.each(DefaultGroovyMethods.java:2358)
	at org.codehaus.groovy.runtime.DefaultGroovyMethods.each(DefaultGroovyMethods.java:2343)
	at org.codehaus.groovy.runtime.DefaultGroovyMethods.each(DefaultGroovyMethods.java:2384)
	at org.codehaus.groovy.runtime.dgm$202.invoke(Unknown Source)
	at org.codehaus.groovy.runtime.callsite.PojoMetaMethodSite$PojoMetaMethodSiteNoUnwrapNoCoerce.invoke(PojoMetaMethodSite.java:247)
	at org.codehaus.groovy.runtime.callsite.PojoMetaMethodSite.call(PojoMetaMethodSite.java:56)
	at org.codehaus.groovy.runtime.callsite.AbstractCallSite.call(AbstractCallSite.java:139)
	at bookmarks.lumen.controller.BookmarkController.putBookmarks(BookmarkController.groovy:36)
	at java.base/jdk.internal.reflect.NativeMethodAccessorImpl.invoke0(Native Method)
	at java.base/jdk.internal.reflect.NativeMethodAccessorImpl.invoke(NativeMethodAccessorImpl.java:62)
	at java.base/jdk.internal.reflect.DelegatingMethodAccessorImpl.invoke(DelegatingMethodAccessorImpl.java:43)
	at java.base/java.lang.reflect.Method.invoke(Method.java:566)
	at org.springframework.web.method.support.InvocableHandlerMethod.doInvoke(InvocableHandlerMethod.java:205)
	at org.springframework.web.method.support.InvocableHandlerMethod.invokeForRequest(InvocableHandlerMethod.java:150)
	at org.springframework.web.servlet.mvc.method.annotation.ServletInvocableHandlerMethod.invokeAndHandle(ServletInvocableHandlerMethod.java:117)
	at org.springframework.web.servlet.mvc.method.annotation.RequestMappingHandlerAdapter.invokeHandlerMethod(RequestMappingHandlerAdapter.java:895)
	at org.springframework.web.servlet.mvc.method.annotation.RequestMappingHandlerAdapter.handleInternal(RequestMappingHandlerAdapter.java:808)
	at org.springframework.web.servlet.mvc.method.AbstractHandlerMethodAdapter.handle(AbstractHandlerMethodAdapter.java:87)
	at org.springframework.web.servlet.DispatcherServlet.doDispatch(DispatcherServlet.java:1067)
	at org.springframework.web.servlet.DispatcherServlet.doService(DispatcherServlet.java:963)
	at org.springframework.web.servlet.FrameworkServlet.processRequest(FrameworkServlet.java:1006)
	at org.springframework.web.servlet.FrameworkServlet.doPut(FrameworkServlet.java:920)
	at javax.servlet.http.HttpServlet.service(HttpServlet.java:684)
	at org.springframework.web.servlet.FrameworkServlet.service(FrameworkServlet.java:883)
	at javax.servlet.http.HttpServlet.service(HttpServlet.java:764)
	at org.apache.catalina.core.ApplicationFilterChain.internalDoFilter(ApplicationFilterChain.java:227)
	at org.apache.catalina.core.ApplicationFilterChain.doFilter(ApplicationFilterChain.java:162)
	at org.apache.tomcat.websocket.server.WsFilter.doFilter(WsFilter.java:53)
	at org.apache.catalina.core.ApplicationFilterChain.internalDoFilter(ApplicationFilterChain.java:189)
	at org.apache.catalina.core.ApplicationFilterChain.doFilter(ApplicationFilterChain.java:162)
	at org.springframework.web.filter.RequestContextFilter.doFilterInternal(RequestContextFilter.java:100)
	at org.springframework.web.filter.OncePerRequestFilter.doFilter(OncePerRequestFilter.java:117)
	at org.apache.catalina.core.ApplicationFilterChain.internalDoFilter(ApplicationFilterChain.java:189)
	at org.apache.catalina.core.ApplicationFilterChain.doFilter(ApplicationFilterChain.java:162)
	at org.springframework.web.filter.FormContentFilter.doFilterInternal(FormContentFilter.java:93)
	at org.springframework.web.filter.OncePerRequestFilter.doFilter(OncePerRequestFilter.java:117)
	at org.apache.catalina.core.ApplicationFilterChain.internalDoFilter(ApplicationFilterChain.java:189)
	at org.apache.catalina.core.ApplicationFilterChain.doFilter(ApplicationFilterChain.java:162)
	at org.springframework.web.filter.CharacterEncodingFilter.doFilterInternal(CharacterEncodingFilter.java:201)
	at org.springframework.web.filter.OncePerRequestFilter.doFilter(OncePerRequestFilter.java:117)
	at org.apache.catalina.core.ApplicationFilterChain.internalDoFilter(ApplicationFilterChain.java:189)
	at org.apache.catalina.core.ApplicationFilterChain.doFilter(ApplicationFilterChain.java:162)
	at org.apache.catalina.core.StandardWrapperValve.invoke(StandardWrapperValve.java:197)
	at org.apache.catalina.core.StandardContextValve.invoke(StandardContextValve.java:97)
	at org.apache.catalina.authenticator.AuthenticatorBase.invoke(AuthenticatorBase.java:541)
	at org.apache.catalina.core.StandardHostValve.invoke(StandardHostValve.java:135)
	at org.apache.catalina.valves.ErrorReportValve.invoke(ErrorReportValve.java:92)
	at org.apache.catalina.core.StandardEngineValve.invoke(StandardEngineValve.java:78)
	at org.apache.catalina.connector.CoyoteAdapter.service(CoyoteAdapter.java:360)
	at org.apache.coyote.http11.Http11Processor.service(Http11Processor.java:399)
	at org.apache.coyote.AbstractProcessorLight.process(AbstractProcessorLight.java:65)
	at org.apache.coyote.AbstractProtocol$ConnectionHandler.process(AbstractProtocol.java:890)
	at org.apache.tomcat.util.net.NioEndpoint$SocketProcessor.doRun(NioEndpoint.java:1743)
	at org.apache.tomcat.util.net.SocketProcessorBase.run(SocketProcessorBase.java:49)
	at org.apache.tomcat.util.threads.ThreadPoolExecutor.runWorker(ThreadPoolExecutor.java:1191)
	at org.apache.tomcat.util.threads.ThreadPoolExecutor$Worker.run(ThreadPoolExecutor.java:659)
	at org.apache.tomcat.util.threads.TaskThread$WrappingRunnable.run(TaskThread.java:61)
	at java.base/java.lang.Thread.run(Thread.java:829)
2022-07-04 22:57:52.435  INFO WHOFPF174FA4 --- [           main] b.l.MyBookmarksApplication               : Starting MyBookmarksApplication using Java 11.0.15 on WHOFPF174FA4 with PID 18336 (C:\Users\sekirima\workspaces\exper\lumen\build\classes\groovy\main started by SEKIRIMA in C:\Users\sekirima\workspaces\exper\lumen)
2022-07-04 22:57:52.460  INFO WHOFPF174FA4 --- [           main] b.l.MyBookmarksApplication               : No active profile set, falling back to 1 default profile: "default"
2022-07-04 22:57:53.836  INFO WHOFPF174FA4 --- [           main] .s.d.r.c.RepositoryConfigurationDelegate : Bootstrapping Spring Data JPA repositories in DEFAULT mode.
2022-07-04 22:57:53.954  INFO WHOFPF174FA4 --- [           main] .s.d.r.c.RepositoryConfigurationDelegate : Finished Spring Data repository scanning in 92 ms. Found 1 JPA repository interfaces.
2022-07-04 22:57:54.962  INFO WHOFPF174FA4 --- [           main] o.s.b.w.e.t.TomcatWebServer              : Tomcat initialized with port(s): 8080 (http)
2022-07-04 22:57:54.985  INFO WHOFPF174FA4 --- [           main] o.a.c.h.Http11NioProtocol                : Initializing ProtocolHandler ["http-nio-8080"]
2022-07-04 22:57:54.985  INFO WHOFPF174FA4 --- [           main] o.a.c.c.StandardService                  : Starting service [Tomcat]
2022-07-04 22:57:54.986  INFO WHOFPF174FA4 --- [           main] o.a.c.c.StandardEngine                   : Starting Servlet engine: [Apache Tomcat/9.0.62]
2022-07-04 22:57:55.332  INFO WHOFPF174FA4 --- [           main] o.a.c.c.C.[.[.[/]                        : Initializing Spring embedded WebApplicationContext
2022-07-04 22:57:55.333  INFO WHOFPF174FA4 --- [           main] w.s.c.ServletWebServerApplicationContext : Root WebApplicationContext: initialization completed in 2728 ms
2022-07-04 22:57:55.599  INFO WHOFPF174FA4 --- [           main] o.f.c.i.l.VersionPrinter                 : Flyway Community Edition 8.5.10 by Redgate
2022-07-04 22:57:55.602  INFO WHOFPF174FA4 --- [           main] o.f.c.i.l.VersionPrinter                 : See what's new here: https://flywaydb.org/documentation/learnmore/releaseNotes#8.5.10
2022-07-04 22:57:55.602  INFO WHOFPF174FA4 --- [           main] o.f.c.i.l.VersionPrinter                 : 
2022-07-04 22:57:55.612  INFO WHOFPF174FA4 --- [           main] c.z.h.HikariDataSource                   : HikariPool-1 - Starting...
2022-07-04 22:57:55.650  INFO WHOFPF174FA4 --- [           main] c.z.h.HikariDataSource                   : HikariPool-1 - Start completed.
2022-07-04 22:57:55.668  INFO WHOFPF174FA4 --- [           main] o.f.c.i.d.b.BaseDatabaseType             : Database: jdbc:sqlite:lumen.sqlite (SQLite 3.36)
