2022-05-26 14:34:08.165  INFO WHOFPF174FA4 --- [           main] o.h.j.i.u.LogHelper                      : HHH000204: Processing PersistenceUnitInfo [name: default]
2022-05-26 14:34:08.463  INFO WHOFPF174FA4 --- [           main] o.h.Version                              : HHH000412: Hibernate ORM core version 5.6.8.Final
2022-05-26 14:34:08.951  INFO WHOFPF174FA4 --- [           main] o.h.a.c.Version                          : HCANN000001: Hibernate Commons Annotations {5.1.2.Final}
2022-05-26 14:34:09.141  INFO WHOFPF174FA4 --- [           main] o.h.d.Dialect                            : HHH000400: Using dialect: org.sqlite.hibernate.dialect.SQLiteDialect
2022-05-26 14:34:09.249  INFO WHOFPF174FA4 --- [           main] o.h.d.Dialect                            : HHH000400: Using dialect: org.sqlite.hibernate.dialect.SQLiteDialect
2022-05-26 14:34:10.859  INFO WHOFPF174FA4 --- [           main] o.h.e.t.j.p.i.JtaPlatformInitiator       : HHH000490: Using JtaPlatform implementation: [org.hibernate.engine.transaction.jta.platform.internal.NoJtaPlatform]
2022-05-26 14:34:10.882  INFO WHOFPF174FA4 --- [           main] j.LocalContainerEntityManagerFactoryBean : Initialized JPA EntityManagerFactory for persistence unit 'default'
2022-05-26 14:34:11.902  WARN WHOFPF174FA4 --- [           main] JpaBaseConfiguration$JpaWebConfiguration : spring.jpa.open-in-view is enabled by default. Therefore, database queries may be performed during view rendering. Explicitly configure spring.jpa.open-in-view to disable this warning
2022-05-26 14:34:12.799  INFO WHOFPF174FA4 --- [           main] o.a.c.h.Http11NioProtocol                : Starting ProtocolHandler ["http-nio-8080"]
2022-05-26 14:34:12.879  INFO WHOFPF174FA4 --- [           main] o.s.b.w.e.t.TomcatWebServer              : Tomcat started on port(s): 8080 (http) with context path ''
2022-05-26 14:34:12.910  INFO WHOFPF174FA4 --- [           main] b.l.MyBookmarksApplication               : Started MyBookmarksApplication in 10.248 seconds (JVM running for 17.614)
2022-05-26 14:34:13.402  INFO WHOFPF174FA4 --- [   scheduling-1] b.l.s.LoggerService                      : Total bookmarks: 6
2022-05-26 14:34:14.011  INFO WHOFPF174FA4 --- [   scheduling-1] b.l.s.LoggerService                      : Total bookmarks: 6
2022-05-26 14:34:15.003  INFO WHOFPF174FA4 --- [   scheduling-1] b.l.s.LoggerService                      : Total bookmarks: 6
2022-05-26 14:34:16.017  INFO WHOFPF174FA4 --- [   scheduling-1] b.l.s.LoggerService                      : Total bookmarks: 6
2022-05-26 14:34:17.012  INFO WHOFPF174FA4 --- [   scheduling-1] b.l.s.LoggerService                      : Total bookmarks: 6
2022-05-26 14:34:18.004  INFO WHOFPF174FA4 --- [   scheduling-1] b.l.s.LoggerService                      : Total bookmarks: 6
2022-05-26 14:34:19.013  INFO WHOFPF174FA4 --- [   scheduling-1] b.l.s.LoggerService                      : Total bookmarks: 6
2022-05-26 14:34:20.015  INFO WHOFPF174FA4 --- [   scheduling-1] b.l.s.LoggerService                      : Total bookmarks: 6
2022-05-26 14:34:21.012  INFO WHOFPF174FA4 --- [   scheduling-1] b.l.s.LoggerService                      : Total bookmarks: 6
2022-05-26 14:34:22.016  INFO WHOFPF174FA4 --- [   scheduling-1] b.l.s.LoggerService                      : Total bookmarks: 6
2022-05-26 14:34:23.005  INFO WHOFPF174FA4 --- [   scheduling-1] b.l.s.LoggerService                      : Total bookmarks: 6
2022-05-26 14:34:24.016  INFO WHOFPF174FA4 --- [   scheduling-1] b.l.s.LoggerService                      : Total bookmarks: 6
2022-05-26 14:34:25.004  INFO WHOFPF174FA4 --- [   scheduling-1] b.l.s.LoggerService                      : Total bookmarks: 6
2022-05-26 14:34:26.004  INFO WHOFPF174FA4 --- [   scheduling-1] b.l.s.LoggerService                      : Total bookmarks: 6
2022-05-26 14:34:27.008  INFO WHOFPF174FA4 --- [   scheduling-1] b.l.s.LoggerService                      : Total bookmarks: 6
2022-05-26 14:34:28.012  INFO WHOFPF174FA4 --- [   scheduling-1] b.l.s.LoggerService                      : Total bookmarks: 6
2022-05-26 14:34:29.013  INFO WHOFPF174FA4 --- [   scheduling-1] b.l.s.LoggerService                      : Total bookmarks: 6
2022-05-26 14:34:30.008  INFO WHOFPF174FA4 --- [   scheduling-1] b.l.s.LoggerService                      : Total bookmarks: 6
2022-05-26 14:34:31.017  INFO WHOFPF174FA4 --- [   scheduling-1] b.l.s.LoggerService                      : Total bookmarks: 6
2022-05-26 14:34:32.008  INFO WHOFPF174FA4 --- [   scheduling-1] b.l.s.LoggerService                      : Total bookmarks: 6
2022-05-26 14:34:33.012  INFO WHOFPF174FA4 --- [   scheduling-1] b.l.s.LoggerService                      : Total bookmarks: 6
2022-05-26 14:34:34.012  INFO WHOFPF174FA4 --- [   scheduling-1] b.l.s.LoggerService                      : Total bookmarks: 6
2022-05-26 14:34:35.017  INFO WHOFPF174FA4 --- [   scheduling-1] b.l.s.LoggerService                      : Total bookmarks: 6
2022-05-26 14:34:36.011  INFO WHOFPF174FA4 --- [   scheduling-1] b.l.s.LoggerService                      : Total bookmarks: 6
2022-05-26 14:34:37.009  INFO WHOFPF174FA4 --- [   scheduling-1] b.l.s.LoggerService                      : Total bookmarks: 6
2022-05-26 14:34:38.008  INFO WHOFPF174FA4 --- [   scheduling-1] b.l.s.LoggerService                      : Total bookmarks: 6
2022-05-26 14:34:39.007  INFO WHOFPF174FA4 --- [   scheduling-1] b.l.s.LoggerService                      : Total bookmarks: 6
2022-05-26 14:34:40.018  INFO WHOFPF174FA4 --- [   scheduling-1] b.l.s.LoggerService                      : Total bookmarks: 6
2022-05-26 14:34:41.020  INFO WHOFPF174FA4 --- [   scheduling-1] b.l.s.LoggerService                      : Total bookmarks: 6
2022-05-26 14:34:42.008  INFO WHOFPF174FA4 --- [   scheduling-1] b.l.s.LoggerService                      : Total bookmarks: 6
2022-05-26 14:34:43.005  INFO WHOFPF174FA4 --- [   scheduling-1] b.l.s.LoggerService                      : Total bookmarks: 6
2022-05-26 14:34:44.013  INFO WHOFPF174FA4 --- [   scheduling-1] b.l.s.LoggerService                      : Total bookmarks: 6
2022-05-26 14:34:45.008  INFO WHOFPF174FA4 --- [   scheduling-1] b.l.s.LoggerService                      : Total bookmarks: 6
2022-05-26 14:34:46.005  INFO WHOFPF174FA4 --- [   scheduling-1] b.l.s.LoggerService                      : Total bookmarks: 6
2022-05-26 14:34:47.016  INFO WHOFPF174FA4 --- [   scheduling-1] b.l.s.LoggerService                      : Total bookmarks: 6
2022-05-26 14:34:48.017  INFO WHOFPF174FA4 --- [   scheduling-1] b.l.s.LoggerService                      : Total bookmarks: 6
2022-05-26 14:34:49.004  INFO WHOFPF174FA4 --- [   scheduling-1] b.l.s.LoggerService                      : Total bookmarks: 6
2022-05-26 14:34:50.011  INFO WHOFPF174FA4 --- [   scheduling-1] b.l.s.LoggerService                      : Total bookmarks: 6
2022-05-26 14:34:51.013  INFO WHOFPF174FA4 --- [   scheduling-1] b.l.s.LoggerService                      : Total bookmarks: 6
2022-05-26 14:34:52.013  INFO WHOFPF174FA4 --- [   scheduling-1] b.l.s.LoggerService                      : Total bookmarks: 6
2022-05-26 14:34:53.018  INFO WHOFPF174FA4 --- [   scheduling-1] b.l.s.LoggerService                      : Total bookmarks: 6
2022-05-26 14:34:54.012  INFO WHOFPF174FA4 --- [   scheduling-1] b.l.s.LoggerService                      : Total bookmarks: 6
2022-05-26 14:34:55.009  INFO WHOFPF174FA4 --- [   scheduling-1] b.l.s.LoggerService                      : Total bookmarks: 6
2022-05-26 14:34:56.012  INFO WHOFPF174FA4 --- [   scheduling-1] b.l.s.LoggerService                      : Total bookmarks: 6
2022-05-26 14:34:57.010  INFO WHOFPF174FA4 --- [   scheduling-1] b.l.s.LoggerService                      : Total bookmarks: 6
2022-05-26 14:34:58.010  INFO WHOFPF174FA4 --- [   scheduling-1] b.l.s.LoggerService                      : Total bookmarks: 6
2022-05-26 14:34:59.012  INFO WHOFPF174FA4 --- [   scheduling-1] b.l.s.LoggerService                      : Total bookmarks: 6
2022-05-26 14:35:00.035 ERROR WHOFPF174FA4 --- [   scheduling-1] o.s.s.s.TaskUtils$LoggingErrorHandler    : Unexpected error occurred in scheduled task
java.lang.NullPointerException: Cannot invoke method getPath() on null object
	at org.codehaus.groovy.runtime.NullObject.invokeMethod(NullObject.java:91)
	at org.codehaus.groovy.runtime.callsite.PogoMetaClassSite.call(PogoMetaClassSite.java:44)
	at org.codehaus.groovy.runtime.callsite.CallSiteArray.defaultCall(CallSiteArray.java:47)
	at org.codehaus.groovy.runtime.callsite.NullCallSite.call(NullCallSite.java:34)
	at org.codehaus.groovy.runtime.callsite.CallSiteArray.defaultCall(CallSiteArray.java:47)
	at org.codehaus.groovy.runtime.callsite.AbstractCallSite.call(AbstractCallSite.java:125)
	at org.codehaus.groovy.runtime.callsite.AbstractCallSite.call(AbstractCallSite.java:130)
	at bookmarks.lumen.service.LoggerService.upload(LoggerService.groovy:28)
	at java.base/jdk.internal.reflect.NativeMethodAccessorImpl.invoke0(Native Method)
	at java.base/jdk.internal.reflect.NativeMethodAccessorImpl.invoke(NativeMethodAccessorImpl.java:62)
	at java.base/jdk.internal.reflect.DelegatingMethodAccessorImpl.invoke(DelegatingMethodAccessorImpl.java:43)
	at java.base/java.lang.reflect.Method.invoke(Method.java:566)
	at org.springframework.scheduling.support.ScheduledMethodRunnable.run(ScheduledMethodRunnable.java:84)
	at org.springframework.scheduling.support.DelegatingErrorHandlingRunnable.run(DelegatingErrorHandlingRunnable.java:54)
	at org.springframework.scheduling.concurrent.ReschedulingRunnable.run(ReschedulingRunnable.java:95)
	at java.base/java.util.concurrent.Executors$RunnableAdapter.call(Executors.java:515)
	at java.base/java.util.concurrent.FutureTask.run(FutureTask.java:264)
	at java.base/java.util.concurrent.ScheduledThreadPoolExecutor$ScheduledFutureTask.run(ScheduledThreadPoolExecutor.java:304)
	at java.base/java.util.concurrent.ThreadPoolExecutor.runWorker(ThreadPoolExecutor.java:1128)
	at java.base/java.util.concurrent.ThreadPoolExecutor$Worker.run(ThreadPoolExecutor.java:628)
	at java.base/java.lang.Thread.run(Thread.java:829)
2022-05-26 14:35:00.038  INFO WHOFPF174FA4 --- [   scheduling-1] b.l.s.LoggerService                      : Total bookmarks: 6
