2022-08-04 16:08:01.585  INFO WHOFPF174FA4 --- [kground-preinit] o.h.v.i.u.Version                        : HV000001: Hibernate Validator 6.2.3.Final
2022-08-04 16:08:01.678  INFO WHOFPF174FA4 --- [           main] b.l.MyBookmarksApplication               : Starting MyBookmarksApplication using Java 11.0.15 on WHOFPF174FA4 with PID 16056 (C:\Users\sekirima\workspaces\exper\lumen\build\classes\groovy\main started by SEKIRIMA in C:\Users\sekirima\workspaces\exper\lumen)
2022-08-04 16:08:01.688  INFO WHOFPF174FA4 --- [           main] b.l.MyBookmarksApplication               : No active profile set, falling back to 1 default profile: "default"
2022-08-04 16:08:03.271  INFO WHOFPF174FA4 --- [           main] .s.d.r.c.RepositoryConfigurationDelegate : Bootstrapping Spring Data JPA repositories in DEFAULT mode.
2022-08-04 16:08:03.372  INFO WHOFPF174FA4 --- [           main] .s.d.r.c.RepositoryConfigurationDelegate : Finished Spring Data repository scanning in 91 ms. Found 1 JPA repository interfaces.
2022-08-04 16:08:04.444  INFO WHOFPF174FA4 --- [           main] o.s.b.w.e.t.TomcatWebServer              : Tomcat initialized with port(s): 8080 (http)
2022-08-04 16:08:04.475  INFO WHOFPF174FA4 --- [           main] o.a.c.h.Http11NioProtocol                : Initializing ProtocolHandler ["http-nio-8080"]
2022-08-04 16:08:04.475  INFO WHOFPF174FA4 --- [           main] o.a.c.c.StandardService                  : Starting service [Tomcat]
2022-08-04 16:08:04.475  INFO WHOFPF174FA4 --- [           main] o.a.c.c.StandardEngine                   : Starting Servlet engine: [Apache Tomcat/9.0.62]
2022-08-04 16:08:04.745  INFO WHOFPF174FA4 --- [           main] o.a.c.c.C.[.[.[/lumen]                   : Initializing Spring embedded WebApplicationContext
2022-08-04 16:08:04.745  INFO WHOFPF174FA4 --- [           main] w.s.c.ServletWebServerApplicationContext : Root WebApplicationContext: initialization completed in 2884 ms
2022-08-04 16:08:04.945  INFO WHOFPF174FA4 --- [           main] o.f.c.i.l.VersionPrinter                 : Flyway Community Edition 8.5.10 by Redgate
2022-08-04 16:08:04.945  INFO WHOFPF174FA4 --- [           main] o.f.c.i.l.VersionPrinter                 : See what's new here: https://flywaydb.org/documentation/learnmore/releaseNotes#8.5.10
2022-08-04 16:08:04.945  INFO WHOFPF174FA4 --- [           main] o.f.c.i.l.VersionPrinter                 : 
2022-08-04 16:08:04.945  INFO WHOFPF174FA4 --- [           main] c.z.h.HikariDataSource                   : HikariPool-1 - Starting...
2022-08-04 16:08:04.977  INFO WHOFPF174FA4 --- [           main] c.z.h.HikariDataSource                   : HikariPool-1 - Start completed.
2022-08-04 16:08:04.992  INFO WHOFPF174FA4 --- [           main] o.f.c.i.d.b.BaseDatabaseType             : Database: jdbc:sqlite:lumen.sqlite (SQLite 3.36)
2022-08-04 16:08:05.008  INFO WHOFPF174FA4 --- [           main] o.f.c.i.c.DbValidate                     : Successfully validated 1 migration (execution time 00:00.002s)
2022-08-04 16:08:05.008  INFO WHOFPF174FA4 --- [           main] o.f.c.i.c.DbMigrate                      : Current version of schema "main": 1
2022-08-04 16:08:05.008  INFO WHOFPF174FA4 --- [           main] o.f.c.i.c.DbMigrate                      : Schema "main" is up to date. No migration necessary.
2022-08-04 16:08:05.163  INFO WHOFPF174FA4 --- [           main] o.h.j.i.u.LogHelper                      : HHH000204: Processing PersistenceUnitInfo [name: default]
2022-08-04 16:08:05.293  INFO WHOFPF174FA4 --- [           main] o.h.Version                              : HHH000412: Hibernate ORM core version 5.6.8.Final
2022-08-04 16:08:05.779  INFO WHOFPF174FA4 --- [           main] o.h.a.c.Version                          : HCANN000001: Hibernate Commons Annotations {5.1.2.Final}
2022-08-04 16:08:06.064  INFO WHOFPF174FA4 --- [           main] o.h.d.Dialect                            : HHH000400: Using dialect: org.sqlite.hibernate.dialect.SQLiteDialect
2022-08-04 16:08:06.133  INFO WHOFPF174FA4 --- [           main] o.h.d.Dialect                            : HHH000400: Using dialect: org.sqlite.hibernate.dialect.SQLiteDialect
2022-08-04 16:08:08.053  INFO WHOFPF174FA4 --- [           main] o.h.e.t.j.p.i.JtaPlatformInitiator       : HHH000490: Using JtaPlatform implementation: [org.hibernate.engine.transaction.jta.platform.internal.NoJtaPlatform]
2022-08-04 16:08:08.069  INFO WHOFPF174FA4 --- [           main] j.LocalContainerEntityManagerFactoryBean : Initialized JPA EntityManagerFactory for persistence unit 'default'
2022-08-04 16:08:08.116  WARN WHOFPF174FA4 --- [           main] ConfigServletWebServerApplicationContext : Exception encountered during context initialization - cancelling refresh attempt: org.springframework.beans.factory.UnsatisfiedDependencyException: Error creating bean with name 'restConfig': Unsatisfied dependency expressed through field 'pub'; nested exception is org.springframework.beans.TypeMismatchException: Failed to convert value of type 'java.lang.String' to required type 'java.security.interfaces.RSAPublicKey'; nested exception is org.springframework.core.convert.ConversionFailedException: Failed to convert from type [java.lang.String] to type [@org.springframework.beans.factory.annotation.Value java.security.interfaces.RSAPublicKey] for value '-----BEGIN PRIVATE KEY-----
MIICdwIBADANBgkqhkiG9w0BAQEFAASCAmEwggJdAgEAAoGBAMBNh+5T4JljzR9y
qFtRF/mYM9PjlUSdP+WiyCmpv6EGIAm6SuT+bvkhi/X8AtsNLyfsup5IaXMnWE6i
w3vMi4VuLfoRtZulFHImOcB1cDwyPwyoFoYUFvOSRKpft47+2NOqR8Y8ugziXv0e
9tz97N3fIlVNAMphGLOAzKByAFJ/AgMBAAECgYAiNejHyl47i5izToeK70tPmPcn
a+ZjNYJnjOUFHHC96cQLVvv57xW49nHaygGMDLVl6eRtQj6YQNih7KzQOlxbioNI
KgZdJbdBcRBZ/d+hoBtpo6Ce/gBlCG9M1+hm+Jgil6Uh/bpF82hsMCua3rhTYN12
BVLzFASsIsIpmZVeUQJBAN7SR/UWDozRfMBz/Orzk/Ny2wfcm+aY5S2GT953Bhzu
mfzB5bCOeVQTx1O49bI3CutP3N8qxc9Cf0FDCrcAM+cCQQDc7+oePIq+XA1jzQfN
HRaQf/a2rs0/DLvhvTSlXc5xeCcx0lckVBKbkdsIC8vMT02lQzOeoDET6svxDjiS
P5mpAkEAm8gSbOQ12ffgK0EsUytmhe8H+TAggxDkMXbUwikeyf17BT6ekliZtNF7
KyqGBEn9RVT5i8EAuQ25oGv5wsXOgwJANw0o3wPi5m/1fiq2iOt4leTsyrRfvBgm
MKd+mL35FNkFmyp4QDsar9z2INkfnPcdt9I46Iut7vKQgq4ydm6WkQJBAKIq7lzb
H3Zj4Z6nUyMm6UmzXw7OhIBpiy5xWftZVjFFJ2tZyFSIcIy2Z6txodgDKsHB48hw
Eu/iCt95aoN22rc=
-----END PRIVATE KEY-----
'; nested exception is java.lang.IllegalArgumentException: Key is not in PEM-encoded X.509 format or a valid X.509 certificate, please check that the header begins with -----BEGIN PUBLIC KEY----- or -----BEGIN CERTIFICATE-----
2022-08-04 16:08:08.116  INFO WHOFPF174FA4 --- [           main] j.LocalContainerEntityManagerFactoryBean : Closing JPA EntityManagerFactory for persistence unit 'default'
2022-08-04 16:08:08.116  INFO WHOFPF174FA4 --- [           main] c.z.h.HikariDataSource                   : HikariPool-1 - Shutdown initiated...
2022-08-04 16:08:08.131  INFO WHOFPF174FA4 --- [           main] c.z.h.HikariDataSource                   : HikariPool-1 - Shutdown completed.
2022-08-04 16:08:08.138  INFO WHOFPF174FA4 --- [           main] o.a.c.c.StandardService                  : Stopping service [Tomcat]
2022-08-04 16:08:08.154  INFO WHOFPF174FA4 --- [           main] ConditionEvaluationReportLoggingListener : 

Error starting ApplicationContext. To display the conditions report re-run your application with 'debug' enabled.
2022-08-04 16:08:08.185 ERROR WHOFPF174FA4 --- [           main] o.s.b.SpringApplication                  : Application run failed
org.springframework.beans.factory.UnsatisfiedDependencyException: Error creating bean with name 'restConfig': Unsatisfied dependency expressed through field 'pub'; nested exception is org.springframework.beans.TypeMismatchException: Failed to convert value of type 'java.lang.String' to required type 'java.security.interfaces.RSAPublicKey'; nested exception is org.springframework.core.convert.ConversionFailedException: Failed to convert from type [java.lang.String] to type [@org.springframework.beans.factory.annotation.Value java.security.interfaces.RSAPublicKey] for value '-----BEGIN PRIVATE KEY-----
MIICdwIBADANBgkqhkiG9w0BAQEFAASCAmEwggJdAgEAAoGBAMBNh+5T4JljzR9y
qFtRF/mYM9PjlUSdP+WiyCmpv6EGIAm6SuT+bvkhi/X8AtsNLyfsup5IaXMnWE6i
w3vMi4VuLfoRtZulFHImOcB1cDwyPwyoFoYUFvOSRKpft47+2NOqR8Y8ugziXv0e
9tz97N3fIlVNAMphGLOAzKByAFJ/AgMBAAECgYAiNejHyl47i5izToeK70tPmPcn
a+ZjNYJnjOUFHHC96cQLVvv57xW49nHaygGMDLVl6eRtQj6YQNih7KzQOlxbioNI
KgZdJbdBcRBZ/d+hoBtpo6Ce/gBlCG9M1+hm+Jgil6Uh/bpF82hsMCua3rhTYN12
BVLzFASsIsIpmZVeUQJBAN7SR/UWDozRfMBz/Orzk/Ny2wfcm+aY5S2GT953Bhzu
mfzB5bCOeVQTx1O49bI3CutP3N8qxc9Cf0FDCrcAM+cCQQDc7+oePIq+XA1jzQfN
HRaQf/a2rs0/DLvhvTSlXc5xeCcx0lckVBKbkdsIC8vMT02lQzOeoDET6svxDjiS
P5mpAkEAm8gSbOQ12ffgK0EsUytmhe8H+TAggxDkMXbUwikeyf17BT6ekliZtNF7
KyqGBEn9RVT5i8EAuQ25oGv5wsXOgwJANw0o3wPi5m/1fiq2iOt4leTsyrRfvBgm
MKd+mL35FNkFmyp4QDsar9z2INkfnPcdt9I46Iut7vKQgq4ydm6WkQJBAKIq7lzb
H3Zj4Z6nUyMm6UmzXw7OhIBpiy5xWftZVjFFJ2tZyFSIcIy2Z6txodgDKsHB48hw
Eu/iCt95aoN22rc=
-----END PRIVATE KEY-----
'; nested exception is java.lang.IllegalArgumentException: Key is not in PEM-encoded X.509 format or a valid X.509 certificate, please check that the header begins with -----BEGIN PUBLIC KEY----- or -----BEGIN CERTIFICATE-----
	at org.springframework.beans.factory.annotation.AutowiredAnnotationBeanPostProcessor$AutowiredFieldElement.resolveFieldValue(AutowiredAnnotationBeanPostProcessor.java:659)
	at org.springframework.beans.factory.annotation.AutowiredAnnotationBeanPostProcessor$AutowiredFieldElement.inject(AutowiredAnnotationBeanPostProcessor.java:639)
	at org.springframework.beans.factory.annotation.InjectionMetadata.inject(InjectionMetadata.java:119)
	at org.springframework.beans.factory.annotation.AutowiredAnnotationBeanPostProcessor.postProcessProperties(AutowiredAnnotationBeanPostProcessor.java:399)
	at org.springframework.beans.factory.support.AbstractAutowireCapableBeanFactory.populateBean(AbstractAutowireCapableBeanFactory.java:1431)
	at org.springframework.beans.factory.support.AbstractAutowireCapableBeanFactory.doCreateBean(AbstractAutowireCapableBeanFactory.java:619)
	at org.springframework.beans.factory.support.AbstractAutowireCapableBeanFactory.createBean(AbstractAutowireCapableBeanFactory.java:542)
	at org.springframework.beans.factory.support.AbstractBeanFactory.lambda$doGetBean$0(AbstractBeanFactory.java:335)
	at org.springframework.beans.factory.support.DefaultSingletonBeanRegistry.getSingleton(DefaultSingletonBeanRegistry.java:234)
	at org.springframework.beans.factory.support.AbstractBeanFactory.doGetBean(AbstractBeanFactory.java:333)
	at org.springframework.beans.factory.support.AbstractBeanFactory.getBean(AbstractBeanFactory.java:208)
	at org.springframework.beans.factory.support.DefaultListableBeanFactory.preInstantiateSingletons(DefaultListableBeanFactory.java:953)
	at org.springframework.context.support.AbstractApplicationContext.finishBeanFactoryInitialization(AbstractApplicationContext.java:918)
	at org.springframework.context.support.AbstractApplicationContext.refresh(AbstractApplicationContext.java:583)
	at org.springframework.boot.web.servlet.context.ServletWebServerApplicationContext.refresh(ServletWebServerApplicationContext.java:145)
	at org.springframework.boot.SpringApplication.refresh(SpringApplication.java:740)
	at org.springframework.boot.SpringApplication.refreshContext(SpringApplication.java:415)
	at org.springframework.boot.SpringApplication.run(SpringApplication.java:303)
	at org.springframework.boot.SpringApplication.run(SpringApplication.java:1312)
	at org.springframework.boot.SpringApplication.run(SpringApplication.java:1301)
	at org.springframework.boot.SpringApplication$run$0.call(Unknown Source)
	at org.codehaus.groovy.runtime.callsite.CallSiteArray.defaultCall(CallSiteArray.java:47)
	at org.codehaus.groovy.runtime.callsite.AbstractCallSite.call(AbstractCallSite.java:125)
	at org.codehaus.groovy.runtime.callsite.AbstractCallSite.call(AbstractCallSite.java:148)
	at bookmarks.lumen.MyBookmarksApplication.main(MyBookmarksApplication.groovy:30)
Caused by: org.springframework.beans.TypeMismatchException: Failed to convert value of type 'java.lang.String' to required type 'java.security.interfaces.RSAPublicKey'; nested exception is org.springframework.core.convert.ConversionFailedException: Failed to convert from type [java.lang.String] to type [@org.springframework.beans.factory.annotation.Value java.security.interfaces.RSAPublicKey] for value '-----BEGIN PRIVATE KEY-----
MIICdwIBADANBgkqhkiG9w0BAQEFAASCAmEwggJdAgEAAoGBAMBNh+5T4JljzR9y
qFtRF/mYM9PjlUSdP+WiyCmpv6EGIAm6SuT+bvkhi/X8AtsNLyfsup5IaXMnWE6i
w3vMi4VuLfoRtZulFHImOcB1cDwyPwyoFoYUFvOSRKpft47+2NOqR8Y8ugziXv0e
9tz97N3fIlVNAMphGLOAzKByAFJ/AgMBAAECgYAiNejHyl47i5izToeK70tPmPcn
a+ZjNYJnjOUFHHC96cQLVvv57xW49nHaygGMDLVl6eRtQj6YQNih7KzQOlxbioNI
KgZdJbdBcRBZ/d+hoBtpo6Ce/gBlCG9M1+hm+Jgil6Uh/bpF82hsMCua3rhTYN12
BVLzFASsIsIpmZVeUQJBAN7SR/UWDozRfMBz/Orzk/Ny2wfcm+aY5S2GT953Bhzu
mfzB5bCOeVQTx1O49bI3CutP3N8qxc9Cf0FDCrcAM+cCQQDc7+oePIq+XA1jzQfN
HRaQf/a2rs0/DLvhvTSlXc5xeCcx0lckVBKbkdsIC8vMT02lQzOeoDET6svxDjiS
P5mpAkEAm8gSbOQ12ffgK0EsUytmhe8H+TAggxDkMXbUwikeyf17BT6ekliZtNF7
KyqGBEn9RVT5i8EAuQ25oGv5wsXOgwJANw0o3wPi5m/1fiq2iOt4leTsyrRfvBgm
MKd+mL35FNkFmyp4QDsar9z2INkfnPcdt9I46Iut7vKQgq4ydm6WkQJBAKIq7lzb
H3Zj4Z6nUyMm6UmzXw7OhIBpiy5xWftZVjFFJ2tZyFSIcIy2Z6txodgDKsHB48hw
Eu/iCt95aoN22rc=
-----END PRIVATE KEY-----
'; nested exception is java.lang.IllegalArgumentException: Key is not in PEM-encoded X.509 format or a valid X.509 certificate, please check that the header begins with -----BEGIN PUBLIC KEY----- or -----BEGIN CERTIFICATE-----
	at org.springframework.beans.TypeConverterSupport.convertIfNecessary(TypeConverterSupport.java:79)
	at org.springframework.beans.factory.support.DefaultListableBeanFactory.doResolveDependency(DefaultListableBeanFactory.java:1337)
	at org.springframework.beans.factory.support.DefaultListableBeanFactory.resolveDependency(DefaultListableBeanFactory.java:1309)
	at org.springframework.beans.factory.annotation.AutowiredAnnotationBeanPostProcessor$AutowiredFieldElement.resolveFieldValue(AutowiredAnnotationBeanPostProcessor.java:656)
	... 24 more
Caused by: org.springframework.core.convert.ConversionFailedException: Failed to convert from type [java.lang.String] to type [@org.springframework.beans.factory.annotation.Value java.security.interfaces.RSAPublicKey] for value '-----BEGIN PRIVATE KEY-----
MIICdwIBADANBgkqhkiG9w0BAQEFAASCAmEwggJdAgEAAoGBAMBNh+5T4JljzR9y
qFtRF/mYM9PjlUSdP+WiyCmpv6EGIAm6SuT+bvkhi/X8AtsNLyfsup5IaXMnWE6i
w3vMi4VuLfoRtZulFHImOcB1cDwyPwyoFoYUFvOSRKpft47+2NOqR8Y8ugziXv0e
9tz97N3fIlVNAMphGLOAzKByAFJ/AgMBAAECgYAiNejHyl47i5izToeK70tPmPcn
a+ZjNYJnjOUFHHC96cQLVvv57xW49nHaygGMDLVl6eRtQj6YQNih7KzQOlxbioNI
KgZdJbdBcRBZ/d+hoBtpo6Ce/gBlCG9M1+hm+Jgil6Uh/bpF82hsMCua3rhTYN12
BVLzFASsIsIpmZVeUQJBAN7SR/UWDozRfMBz/Orzk/Ny2wfcm+aY5S2GT953Bhzu
mfzB5bCOeVQTx1O49bI3CutP3N8qxc9Cf0FDCrcAM+cCQQDc7+oePIq+XA1jzQfN
HRaQf/a2rs0/DLvhvTSlXc5xeCcx0lckVBKbkdsIC8vMT02lQzOeoDET6svxDjiS
P5mpAkEAm8gSbOQ12ffgK0EsUytmhe8H+TAggxDkMXbUwikeyf17BT6ekliZtNF7
KyqGBEn9RVT5i8EAuQ25oGv5wsXOgwJANw0o3wPi5m/1fiq2iOt4leTsyrRfvBgm
MKd+mL35FNkFmyp4QDsar9z2INkfnPcdt9I46Iut7vKQgq4ydm6WkQJBAKIq7lzb
H3Zj4Z6nUyMm6UmzXw7OhIBpiy5xWftZVjFFJ2tZyFSIcIy2Z6txodgDKsHB48hw
Eu/iCt95aoN22rc=
-----END PRIVATE KEY-----
'; nested exception is java.lang.IllegalArgumentException: Key is not in PEM-encoded X.509 format or a valid X.509 certificate, please check that the header begins with -----BEGIN PUBLIC KEY----- or -----BEGIN CERTIFICATE-----
	at org.springframework.core.convert.support.ConversionUtils.invokeConverter(ConversionUtils.java:47)
	at org.springframework.core.convert.support.GenericConversionService.convert(GenericConversionService.java:192)
	at org.springframework.beans.TypeConverterDelegate.convertIfNecessary(TypeConverterDelegate.java:129)
	at org.springframework.beans.TypeConverterSupport.convertIfNecessary(TypeConverterSupport.java:73)
	... 27 more
Caused by: java.lang.IllegalArgumentException: Key is not in PEM-encoded X.509 format or a valid X.509 certificate, please check that the header begins with -----BEGIN PUBLIC KEY----- or -----BEGIN CERTIFICATE-----
	at org.springframework.util.Assert.notNull(Assert.java:201)
	at org.springframework.security.converter.RsaKeyConverters.lambda$x509$1(RsaKeyConverters.java:122)
	at org.springframework.security.config.crypto.RsaKeyConversionServicePostProcessor$ResourceKeyConverterAdapter.lambda$autoclose$1(RsaKeyConversionServicePostProcessor.java:166)
	at org.springframework.core.convert.converter.Converter.lambda$andThen$0(Converter.java:63)
	at org.springframework.security.config.crypto.RsaKeyConversionServicePostProcessor$ResourceKeyConverterAdapter.convert(RsaKeyConversionServicePostProcessor.java:133)
	at org.springframework.security.config.crypto.RsaKeyConversionServicePostProcessor$ResourceKeyConverterAdapter.convert(RsaKeyConversionServicePostProcessor.java:114)
	at org.springframework.core.convert.support.GenericConversionService$ConverterAdapter.convert(GenericConversionService.java:386)
	at org.springframework.core.convert.support.ConversionUtils.invokeConverter(ConversionUtils.java:41)
	... 30 more
