2022-08-04 16:25:50.946  INFO WHOFPF174FA4 --- [           main] o.a.c.h.Http11NioProtocol                : Starting ProtocolHandler ["http-nio-8080"]
2022-08-04 16:25:51.055  INFO WHOFPF174FA4 --- [           main] o.s.b.w.e.t.TomcatWebServer              : Tomcat started on port(s): 8080 (http) with context path '/lumen'
2022-08-04 16:25:51.077  INFO WHOFPF174FA4 --- [           main] b.l.MyBookmarksApplication               : Started MyBookmarksApplication in 9.159 seconds (JVM running for 14.441)
2022-08-04 16:25:54.678  INFO WHOFPF174FA4 --- [nio-8080-exec-3] o.a.c.c.C.[.[.[/lumen]                   : Initializing Spring DispatcherServlet 'dispatcherServlet'
2022-08-04 16:25:54.678  INFO WHOFPF174FA4 --- [nio-8080-exec-3] o.s.w.s.DispatcherServlet                : Initializing Servlet 'dispatcherServlet'
2022-08-04 16:25:54.681  INFO WHOFPF174FA4 --- [nio-8080-exec-3] o.s.w.s.DispatcherServlet                : Completed initialization in 2 ms
2022-08-04 16:26:52.779  INFO WHOFPF174FA4 --- [kground-preinit] o.h.v.i.u.Version                        : HV000001: Hibernate Validator 6.2.3.Final
2022-08-04 16:26:52.873  INFO WHOFPF174FA4 --- [           main] b.l.MyBookmarksApplication               : Starting MyBookmarksApplication using Java 11.0.15 on WHOFPF174FA4 with PID 14804 (C:\Users\sekirima\workspaces\exper\lumen\build\classes\groovy\main started by SEKIRIMA in C:\Users\sekirima\workspaces\exper\lumen)
2022-08-04 16:26:52.880  INFO WHOFPF174FA4 --- [           main] b.l.MyBookmarksApplication               : No active profile set, falling back to 1 default profile: "default"
2022-08-04 16:26:54.785  INFO WHOFPF174FA4 --- [           main] .s.d.r.c.RepositoryConfigurationDelegate : Bootstrapping Spring Data JPA repositories in DEFAULT mode.
2022-08-04 16:26:54.910  INFO WHOFPF174FA4 --- [           main] .s.d.r.c.RepositoryConfigurationDelegate : Finished Spring Data repository scanning in 115 ms. Found 1 JPA repository interfaces.
2022-08-04 16:26:56.167  INFO WHOFPF174FA4 --- [           main] o.s.b.w.e.t.TomcatWebServer              : Tomcat initialized with port(s): 8080 (http)
2022-08-04 16:26:56.189  INFO WHOFPF174FA4 --- [           main] o.a.c.h.Http11NioProtocol                : Initializing ProtocolHandler ["http-nio-8080"]
2022-08-04 16:26:56.189  INFO WHOFPF174FA4 --- [           main] o.a.c.c.StandardService                  : Starting service [Tomcat]
2022-08-04 16:26:56.189  INFO WHOFPF174FA4 --- [           main] o.a.c.c.StandardEngine                   : Starting Servlet engine: [Apache Tomcat/9.0.62]
2022-08-04 16:26:56.452  INFO WHOFPF174FA4 --- [           main] o.a.c.c.C.[.[.[/lumen]                   : Initializing Spring embedded WebApplicationContext
2022-08-04 16:26:56.452  INFO WHOFPF174FA4 --- [           main] w.s.c.ServletWebServerApplicationContext : Root WebApplicationContext: initialization completed in 3425 ms
2022-08-04 16:26:56.668  WARN WHOFPF174FA4 --- [           main] JpaBaseConfiguration$JpaWebConfiguration : spring.jpa.open-in-view is enabled by default. Therefore, database queries may be performed during view rendering. Explicitly configure spring.jpa.open-in-view to disable this warning
2022-08-04 16:26:56.791  INFO WHOFPF174FA4 --- [           main] o.f.c.i.l.VersionPrinter                 : Flyway Community Edition 8.5.10 by Redgate
2022-08-04 16:26:56.791  INFO WHOFPF174FA4 --- [           main] o.f.c.i.l.VersionPrinter                 : See what's new here: https://flywaydb.org/documentation/learnmore/releaseNotes#8.5.10
2022-08-04 16:26:56.791  INFO WHOFPF174FA4 --- [           main] o.f.c.i.l.VersionPrinter                 : 
2022-08-04 16:26:56.806  INFO WHOFPF174FA4 --- [           main] c.z.h.HikariDataSource                   : HikariPool-1 - Starting...
2022-08-04 16:26:56.822  INFO WHOFPF174FA4 --- [           main] c.z.h.HikariDataSource                   : HikariPool-1 - Start completed.
2022-08-04 16:26:56.837  INFO WHOFPF174FA4 --- [           main] o.f.c.i.d.b.BaseDatabaseType             : Database: jdbc:sqlite:lumen.sqlite (SQLite 3.36)
2022-08-04 16:26:56.853  INFO WHOFPF174FA4 --- [           main] o.f.c.i.c.DbValidate                     : Successfully validated 1 migration (execution time 00:00.002s)
2022-08-04 16:26:56.853  INFO WHOFPF174FA4 --- [           main] o.f.c.i.c.DbMigrate                      : Current version of schema "main": 1
2022-08-04 16:26:56.853  INFO WHOFPF174FA4 --- [           main] o.f.c.i.c.DbMigrate                      : Schema "main" is up to date. No migration necessary.
2022-08-04 16:26:57.007  INFO WHOFPF174FA4 --- [           main] o.h.j.i.u.LogHelper                      : HHH000204: Processing PersistenceUnitInfo [name: default]
2022-08-04 16:26:57.138  INFO WHOFPF174FA4 --- [           main] o.h.Version                              : HHH000412: Hibernate ORM core version 5.6.8.Final
2022-08-04 16:26:57.493  INFO WHOFPF174FA4 --- [           main] o.h.a.c.Version                          : HCANN000001: Hibernate Commons Annotations {5.1.2.Final}
2022-08-04 16:26:57.693  INFO WHOFPF174FA4 --- [           main] o.h.d.Dialect                            : HHH000400: Using dialect: org.sqlite.hibernate.dialect.SQLiteDialect
2022-08-04 16:26:57.782  INFO WHOFPF174FA4 --- [           main] o.h.d.Dialect                            : HHH000400: Using dialect: org.sqlite.hibernate.dialect.SQLiteDialect
2022-08-04 16:26:59.197  INFO WHOFPF174FA4 --- [           main] o.h.e.t.j.p.i.JtaPlatformInitiator       : HHH000490: Using JtaPlatform implementation: [org.hibernate.engine.transaction.jta.platform.internal.NoJtaPlatform]
2022-08-04 16:26:59.212  INFO WHOFPF174FA4 --- [           main] j.LocalContainerEntityManagerFactoryBean : Initialized JPA EntityManagerFactory for persistence unit 'default'
2022-08-04 16:27:00.383  INFO WHOFPF174FA4 --- [           main] o.s.s.w.DefaultSecurityFilterChain       : Will secure any request with [org.springframework.security.web.context.request.async.WebAsyncManagerIntegrationFilter@76b6bad3, org.springframework.security.web.context.SecurityContextPersistenceFilter@230dd372, org.springframework.security.web.header.HeaderWriterFilter@39f3285d, org.springframework.web.filter.CorsFilter@55c581e4, org.springframework.security.web.authentication.logout.LogoutFilter@431f8830, org.springframework.security.oauth2.server.resource.web.BearerTokenAuthenticationFilter@86e8469, org.springframework.security.web.authentication.www.BasicAuthenticationFilter@77262e71, org.springframework.security.web.savedrequest.RequestCacheAwareFilter@51c15508, org.springframework.security.web.servletapi.SecurityContextHolderAwareRequestFilter@738ae785, org.springframework.security.web.authentication.AnonymousAuthenticationFilter@e38d655, org.springframework.security.web.session.SessionManagementFilter@1254a3cd, org.springframework.security.web.access.ExceptionTranslationFilter@4010f232, org.springframework.security.web.access.intercept.FilterSecurityInterceptor@58fb5b8f]
2022-08-04 16:27:00.971  INFO WHOFPF174FA4 --- [           main] o.a.c.h.Http11NioProtocol                : Starting ProtocolHandler ["http-nio-8080"]
2022-08-04 16:27:01.031  INFO WHOFPF174FA4 --- [           main] o.s.b.w.e.t.TomcatWebServer              : Tomcat started on port(s): 8080 (http) with context path '/lumen'
2022-08-04 16:27:01.049  INFO WHOFPF174FA4 --- [           main] b.l.MyBookmarksApplication               : Started MyBookmarksApplication in 9.113 seconds (JVM running for 12.348)
2022-08-04 16:27:17.280  INFO WHOFPF174FA4 --- [nio-8080-exec-2] o.a.c.c.C.[.[.[/lumen]                   : Initializing Spring DispatcherServlet 'dispatcherServlet'
2022-08-04 16:27:17.280  INFO WHOFPF174FA4 --- [nio-8080-exec-2] o.s.w.s.DispatcherServlet                : Initializing Servlet 'dispatcherServlet'
2022-08-04 16:27:17.282  INFO WHOFPF174FA4 --- [nio-8080-exec-2] o.s.w.s.DispatcherServlet                : Completed initialization in 2 ms
2022-08-04 16:30:20.515  INFO WHOFPF174FA4 --- [kground-preinit] o.h.v.i.u.Version                        : HV000001: Hibernate Validator 6.2.3.Final
2022-08-04 16:30:20.599  INFO WHOFPF174FA4 --- [           main] b.l.MyBookmarksApplication               : Starting MyBookmarksApplication using Java 11.0.15 on WHOFPF174FA4 with PID 15736 (C:\Users\sekirima\workspaces\exper\lumen\build\classes\groovy\main started by SEKIRIMA in C:\Users\sekirima\workspaces\exper\lumen)
2022-08-04 16:30:20.615  INFO WHOFPF174FA4 --- [           main] b.l.MyBookmarksApplication               : No active profile set, falling back to 1 default profile: "default"
2022-08-04 16:30:22.104  INFO WHOFPF174FA4 --- [           main] .s.d.r.c.RepositoryConfigurationDelegate : Bootstrapping Spring Data JPA repositories in DEFAULT mode.
2022-08-04 16:30:22.220  INFO WHOFPF174FA4 --- [           main] .s.d.r.c.RepositoryConfigurationDelegate : Finished Spring Data repository scanning in 95 ms. Found 1 JPA repository interfaces.
2022-08-04 16:30:23.276  INFO WHOFPF174FA4 --- [           main] o.s.b.w.e.t.TomcatWebServer              : Tomcat initialized with port(s): 8080 (http)
2022-08-04 16:30:23.292  INFO WHOFPF174FA4 --- [           main] o.a.c.h.Http11NioProtocol                : Initializing ProtocolHandler ["http-nio-8080"]
2022-08-04 16:30:23.292  INFO WHOFPF174FA4 --- [           main] o.a.c.c.StandardService                  : Starting service [Tomcat]
2022-08-04 16:30:23.292  INFO WHOFPF174FA4 --- [           main] o.a.c.c.StandardEngine                   : Starting Servlet engine: [Apache Tomcat/9.0.62]
2022-08-04 16:30:23.561  INFO WHOFPF174FA4 --- [           main] o.a.c.c.C.[.[.[/lumen]                   : Initializing Spring embedded WebApplicationContext
2022-08-04 16:30:23.561  INFO WHOFPF174FA4 --- [           main] w.s.c.ServletWebServerApplicationContext : Root WebApplicationContext: initialization completed in 2824 ms
2022-08-04 16:30:23.777  WARN WHOFPF174FA4 --- [           main] JpaBaseConfiguration$JpaWebConfiguration : spring.jpa.open-in-view is enabled by default. Therefore, database queries may be performed during view rendering. Explicitly configure spring.jpa.open-in-view to disable this warning
